[2020-11-28 19:10:21,375] {taskinstance.py:670} INFO - Dependencies all met for <TaskInstance: Write_data_to_postgres_then_to_elasticsearch.Write_csv_data_to_db 2020-11-28T13:40:09.186666+00:00 [queued]>
[2020-11-28 19:10:21,396] {taskinstance.py:670} INFO - Dependencies all met for <TaskInstance: Write_data_to_postgres_then_to_elasticsearch.Write_csv_data_to_db 2020-11-28T13:40:09.186666+00:00 [queued]>
[2020-11-28 19:10:21,396] {taskinstance.py:880} INFO - 
--------------------------------------------------------------------------------
[2020-11-28 19:10:21,397] {taskinstance.py:881} INFO - Starting attempt 1 of 1
[2020-11-28 19:10:21,397] {taskinstance.py:882} INFO - 
--------------------------------------------------------------------------------
[2020-11-28 19:10:21,409] {taskinstance.py:901} INFO - Executing <Task(PythonOperator): Write_csv_data_to_db> on 2020-11-28T13:40:09.186666+00:00
[2020-11-28 19:10:21,411] {standard_task_runner.py:54} INFO - Started process 31674 to run task
[2020-11-28 19:10:21,435] {standard_task_runner.py:77} INFO - Running: ['airflow', 'run', 'Write_data_to_postgres_then_to_elasticsearch', 'Write_csv_data_to_db', '2020-11-28T13:40:09.186666+00:00', '--job_id', '449', '--pool', 'default_pool', '--raw', '-sd', 'DAGS_FOLDER/csv_pg_elasticsearch.py', '--cfg_path', '/var/folders/ff/pqhf5klx0msdsn3m1cnq4cxr0000gn/T/tmps4vczgt4']
[2020-11-28 19:10:21,437] {standard_task_runner.py:78} INFO - Job 449: Subtask Write_csv_data_to_db
[2020-11-28 19:10:21,483] {logging_mixin.py:112} INFO - Running %s on host %s <TaskInstance: Write_data_to_postgres_then_to_elasticsearch.Write_csv_data_to_db 2020-11-28T13:40:09.186666+00:00 [running]> 47.43.168.192.in-addr.arpa
[2020-11-28 19:10:21,526] {taskinstance.py:1150} ERROR - invalid input syntax for type integer: "2	this is a sample description 2	name 2	102	IT"
CONTEXT:  COPY sampletable, line 1, column id: "2	this is a sample description 2	name 2	102	IT"
Traceback (most recent call last):
  File "/Users/yudi/opt/anaconda3/envs/airflow/lib/python3.6/site-packages/airflow/models/taskinstance.py", line 984, in _run_raw_task
    result = task_copy.execute(context=context)
  File "/Users/yudi/opt/anaconda3/envs/airflow/lib/python3.6/site-packages/airflow/operators/python_operator.py", line 113, in execute
    return_value = self.execute_callable()
  File "/Users/yudi/opt/anaconda3/envs/airflow/lib/python3.6/site-packages/airflow/operators/python_operator.py", line 118, in execute_callable
    return self.python_callable(*self.op_args, **self.op_kwargs)
  File "/Users/yudi/airflow/dags/csv_pg_elasticsearch.py", line 65, in write_data
    cur.copy_from(f, "sampletable", sep=",")
psycopg2.errors.InvalidTextRepresentation: invalid input syntax for type integer: "2	this is a sample description 2	name 2	102	IT"
CONTEXT:  COPY sampletable, line 1, column id: "2	this is a sample description 2	name 2	102	IT"

[2020-11-28 19:10:21,530] {taskinstance.py:1194} INFO - Marking task as FAILED. dag_id=Write_data_to_postgres_then_to_elasticsearch, task_id=Write_csv_data_to_db, execution_date=20201128T134009, start_date=20201128T134021, end_date=20201128T134021
[2020-11-28 19:10:26,360] {local_task_job.py:102} INFO - Task exited with return code 1
