[2020-11-26 14:58:22,280] {taskinstance.py:670} INFO - Dependencies all met for <TaskInstance: Write_data_to_PG.python_task 2020-11-26T09:28:08.377527+00:00 [queued]>
[2020-11-26 14:58:22,318] {taskinstance.py:670} INFO - Dependencies all met for <TaskInstance: Write_data_to_PG.python_task 2020-11-26T09:28:08.377527+00:00 [queued]>
[2020-11-26 14:58:22,319] {taskinstance.py:880} INFO - 
--------------------------------------------------------------------------------
[2020-11-26 14:58:22,319] {taskinstance.py:881} INFO - Starting attempt 1 of 1
[2020-11-26 14:58:22,319] {taskinstance.py:882} INFO - 
--------------------------------------------------------------------------------
[2020-11-26 14:58:22,344] {taskinstance.py:901} INFO - Executing <Task(PythonOperator): python_task> on 2020-11-26T09:28:08.377527+00:00
[2020-11-26 14:58:22,347] {standard_task_runner.py:54} INFO - Started process 27125 to run task
[2020-11-26 14:58:22,389] {standard_task_runner.py:77} INFO - Running: ['airflow', 'run', 'Write_data_to_PG', 'python_task', '2020-11-26T09:28:08.377527+00:00', '--job_id', '5', '--pool', 'default_pool', '--raw', '-sd', 'DAGS_FOLDER/sampledag.py', '--cfg_path', '/var/folders/ff/pqhf5klx0msdsn3m1cnq4cxr0000gn/T/tmpys1d3igp']
[2020-11-26 14:58:22,393] {standard_task_runner.py:78} INFO - Job 5: Subtask python_task
[2020-11-26 14:58:22,478] {logging_mixin.py:112} INFO - Running %s on host %s <TaskInstance: Write_data_to_PG.python_task 2020-11-26T09:28:08.377527+00:00 [running]> 47.43.168.192.in-addr.arpa
[2020-11-26 14:58:22,526] {logging_mixin.py:112} INFO - Creating table in database.
[2020-11-26 14:58:22,537] {logging_mixin.py:112} INFO - <connection object at 0x7fd44499beb8; dsn: 'host=localhost dbname=testdb user=testuser', closed: 0>
[2020-11-26 14:58:22,537] {logging_mixin.py:112} INFO - <cursor object at 0x7fd444759808; closed: 0>
[2020-11-26 14:58:22,544] {logging_mixin.py:112} INFO - <connection object at 0x7fd44499beb8; dsn: 'host=localhost dbname=testdb user=testuser', closed: 0>
[2020-11-26 14:58:22,544] {logging_mixin.py:112} INFO - DONE!!!!!!!!!!!.
[2020-11-26 14:58:22,545] {python_operator.py:114} INFO - Done. Returned value was: None
[2020-11-26 14:58:22,564] {taskinstance.py:1070} INFO - Marking task as SUCCESS.dag_id=Write_data_to_PG, task_id=python_task, execution_date=20201126T092808, start_date=20201126T092822, end_date=20201126T092822
[2020-11-26 14:58:27,249] {local_task_job.py:102} INFO - Task exited with return code 0
