[2020-11-26 17:20:48,994] {taskinstance.py:670} INFO - Dependencies all met for <TaskInstance: Write_data_to_PG.sense_the_csv 2020-11-26T11:47:47.183858+00:00 [queued]>
[2020-11-26 17:20:49,021] {taskinstance.py:670} INFO - Dependencies all met for <TaskInstance: Write_data_to_PG.sense_the_csv 2020-11-26T11:47:47.183858+00:00 [queued]>
[2020-11-26 17:20:49,021] {taskinstance.py:880} INFO - 
--------------------------------------------------------------------------------
[2020-11-26 17:20:49,021] {taskinstance.py:881} INFO - Starting attempt 1 of 1
[2020-11-26 17:20:49,021] {taskinstance.py:882} INFO - 
--------------------------------------------------------------------------------
[2020-11-26 17:20:49,027] {taskinstance.py:901} INFO - Executing <Task(FileSensor): sense_the_csv> on 2020-11-26T11:47:47.183858+00:00
[2020-11-26 17:20:49,029] {standard_task_runner.py:54} INFO - Started process 46859 to run task
[2020-11-26 17:20:49,055] {standard_task_runner.py:77} INFO - Running: ['airflow', 'run', 'Write_data_to_PG', 'sense_the_csv', '2020-11-26T11:47:47.183858+00:00', '--job_id', '41', '--pool', 'default_pool', '--raw', '-sd', 'DAGS_FOLDER/sampledag.py', '--cfg_path', '/var/folders/ff/pqhf5klx0msdsn3m1cnq4cxr0000gn/T/tmpma727h2k']
[2020-11-26 17:20:49,058] {standard_task_runner.py:78} INFO - Job 41: Subtask sense_the_csv
[2020-11-26 17:20:49,103] {logging_mixin.py:112} INFO - Running %s on host %s <TaskInstance: Write_data_to_PG.sense_the_csv 2020-11-26T11:47:47.183858+00:00 [running]> 47.43.168.192.in-addr.arpa
[2020-11-26 17:20:49,139] {file_sensor.py:60} INFO - Poking for file Users/yudi/airflow/test.csv
[2020-11-26 17:20:59,151] {file_sensor.py:60} INFO - Poking for file Users/yudi/airflow/test.csv
[2020-11-26 17:21:09,168] {file_sensor.py:60} INFO - Poking for file Users/yudi/airflow/test.csv
[2020-11-26 17:21:19,181] {file_sensor.py:60} INFO - Poking for file Users/yudi/airflow/test.csv
[2020-11-26 17:21:29,195] {file_sensor.py:60} INFO - Poking for file Users/yudi/airflow/test.csv
[2020-11-26 17:21:39,205] {file_sensor.py:60} INFO - Poking for file Users/yudi/airflow/test.csv
[2020-11-26 17:21:49,221] {file_sensor.py:60} INFO - Poking for file Users/yudi/airflow/test.csv
[2020-11-26 17:21:59,231] {file_sensor.py:60} INFO - Poking for file Users/yudi/airflow/test.csv
[2020-11-26 17:22:09,241] {file_sensor.py:60} INFO - Poking for file Users/yudi/airflow/test.csv
[2020-11-26 17:22:19,254] {file_sensor.py:60} INFO - Poking for file Users/yudi/airflow/test.csv
[2020-11-26 17:22:29,266] {file_sensor.py:60} INFO - Poking for file Users/yudi/airflow/test.csv
[2020-11-26 17:22:39,276] {file_sensor.py:60} INFO - Poking for file Users/yudi/airflow/test.csv
[2020-11-26 17:22:49,285] {file_sensor.py:60} INFO - Poking for file Users/yudi/airflow/test.csv
[2020-11-26 17:22:59,295] {file_sensor.py:60} INFO - Poking for file Users/yudi/airflow/test.csv
[2020-11-26 17:23:09,308] {file_sensor.py:60} INFO - Poking for file Users/yudi/airflow/test.csv
[2020-11-26 17:23:19,318] {file_sensor.py:60} INFO - Poking for file Users/yudi/airflow/test.csv
[2020-11-26 17:23:29,328] {file_sensor.py:60} INFO - Poking for file Users/yudi/airflow/test.csv
[2020-11-26 17:23:39,341] {file_sensor.py:60} INFO - Poking for file Users/yudi/airflow/test.csv
[2020-11-26 17:23:49,354] {file_sensor.py:60} INFO - Poking for file Users/yudi/airflow/test.csv
[2020-11-26 17:23:59,365] {file_sensor.py:60} INFO - Poking for file Users/yudi/airflow/test.csv
[2020-11-26 17:24:09,376] {file_sensor.py:60} INFO - Poking for file Users/yudi/airflow/test.csv
[2020-11-26 17:24:19,390] {file_sensor.py:60} INFO - Poking for file Users/yudi/airflow/test.csv
[2020-11-26 17:24:29,399] {file_sensor.py:60} INFO - Poking for file Users/yudi/airflow/test.csv
[2020-11-26 17:24:39,410] {file_sensor.py:60} INFO - Poking for file Users/yudi/airflow/test.csv
[2020-11-26 17:24:49,423] {file_sensor.py:60} INFO - Poking for file Users/yudi/airflow/test.csv
[2020-11-26 17:24:59,433] {file_sensor.py:60} INFO - Poking for file Users/yudi/airflow/test.csv
[2020-11-26 17:25:09,443] {file_sensor.py:60} INFO - Poking for file Users/yudi/airflow/test.csv
[2020-11-26 17:25:19,458] {file_sensor.py:60} INFO - Poking for file Users/yudi/airflow/test.csv
[2020-11-26 17:25:29,468] {file_sensor.py:60} INFO - Poking for file Users/yudi/airflow/test.csv
[2020-11-26 17:25:39,478] {file_sensor.py:60} INFO - Poking for file Users/yudi/airflow/test.csv
[2020-11-26 17:25:49,487] {file_sensor.py:60} INFO - Poking for file Users/yudi/airflow/test.csv
[2020-11-26 17:25:59,502] {file_sensor.py:60} INFO - Poking for file Users/yudi/airflow/test.csv
[2020-11-26 17:26:09,518] {file_sensor.py:60} INFO - Poking for file Users/yudi/airflow/test.csv
[2020-11-26 17:26:19,530] {file_sensor.py:60} INFO - Poking for file Users/yudi/airflow/test.csv
[2020-11-26 17:26:29,545] {file_sensor.py:60} INFO - Poking for file Users/yudi/airflow/test.csv
[2020-11-26 17:26:39,558] {file_sensor.py:60} INFO - Poking for file Users/yudi/airflow/test.csv
[2020-11-26 17:26:49,568] {file_sensor.py:60} INFO - Poking for file Users/yudi/airflow/test.csv
[2020-11-26 17:26:59,578] {file_sensor.py:60} INFO - Poking for file Users/yudi/airflow/test.csv
[2020-11-26 17:27:09,590] {file_sensor.py:60} INFO - Poking for file Users/yudi/airflow/test.csv
[2020-11-26 17:27:19,602] {file_sensor.py:60} INFO - Poking for file Users/yudi/airflow/test.csv
[2020-11-26 17:27:29,612] {file_sensor.py:60} INFO - Poking for file Users/yudi/airflow/test.csv
[2020-11-26 17:27:39,623] {file_sensor.py:60} INFO - Poking for file Users/yudi/airflow/test.csv
[2020-11-26 17:27:49,636] {file_sensor.py:60} INFO - Poking for file Users/yudi/airflow/test.csv
[2020-11-26 17:27:59,646] {file_sensor.py:60} INFO - Poking for file Users/yudi/airflow/test.csv
[2020-11-26 17:28:09,658] {file_sensor.py:60} INFO - Poking for file Users/yudi/airflow/test.csv
[2020-11-26 17:28:19,673] {file_sensor.py:60} INFO - Poking for file Users/yudi/airflow/test.csv
[2020-11-26 17:28:29,683] {file_sensor.py:60} INFO - Poking for file Users/yudi/airflow/test.csv
[2020-11-26 17:28:39,697] {file_sensor.py:60} INFO - Poking for file Users/yudi/airflow/test.csv
[2020-11-26 17:28:49,711] {file_sensor.py:60} INFO - Poking for file Users/yudi/airflow/test.csv
[2020-11-26 17:28:59,721] {file_sensor.py:60} INFO - Poking for file Users/yudi/airflow/test.csv
[2020-11-26 17:29:09,735] {file_sensor.py:60} INFO - Poking for file Users/yudi/airflow/test.csv
[2020-11-26 17:29:19,747] {file_sensor.py:60} INFO - Poking for file Users/yudi/airflow/test.csv
[2020-11-26 17:29:29,756] {file_sensor.py:60} INFO - Poking for file Users/yudi/airflow/test.csv
[2020-11-26 17:29:39,766] {file_sensor.py:60} INFO - Poking for file Users/yudi/airflow/test.csv
[2020-11-26 17:29:49,779] {file_sensor.py:60} INFO - Poking for file Users/yudi/airflow/test.csv
[2020-11-26 17:29:59,788] {file_sensor.py:60} INFO - Poking for file Users/yudi/airflow/test.csv
[2020-11-26 17:30:09,798] {file_sensor.py:60} INFO - Poking for file Users/yudi/airflow/test.csv
[2020-11-26 17:30:15,455] {local_task_job.py:145} WARNING - The recorded hostname 47.43.168.192.in-addr.arpa does not match this instance's hostname YudhishthirsMBP
[2020-11-26 17:30:15,466] {helpers.py:325} INFO - Sending Signals.SIGTERM to GPID 46859
[2020-11-26 17:30:15,466] {taskinstance.py:955} ERROR - Received SIGTERM. Terminating subprocesses.
[2020-11-26 17:30:15,478] {taskinstance.py:1150} ERROR - Task received SIGTERM signal
Traceback (most recent call last):
  File "/Users/yudi/opt/anaconda3/envs/airflow/lib/python3.6/site-packages/airflow/models/taskinstance.py", line 984, in _run_raw_task
    result = task_copy.execute(context=context)
  File "/Users/yudi/opt/anaconda3/envs/airflow/lib/python3.6/site-packages/airflow/sensors/base_sensor_operator.py", line 122, in execute
    sleep(self.poke_interval)
  File "/Users/yudi/opt/anaconda3/envs/airflow/lib/python3.6/site-packages/airflow/models/taskinstance.py", line 957, in signal_handler
    raise AirflowException("Task received SIGTERM signal")
airflow.exceptions.AirflowException: Task received SIGTERM signal
[2020-11-26 17:30:15,484] {taskinstance.py:1194} INFO - Marking task as FAILED. dag_id=Write_data_to_PG, task_id=sense_the_csv, execution_date=20201126T114747, start_date=20201126T115048, end_date=20201126T120015
[2020-11-26 17:30:15,519] {helpers.py:291} INFO - Process psutil.Process(pid=46859, status='terminated', exitcode=1, started='17:20:49') (46859) terminated with exit code 1
