[2020-11-28 18:09:49,407] {taskinstance.py:670} INFO - Dependencies all met for <TaskInstance: Write_data_to_postgres_then_to_elasticsearch.Create_table_in_postgres 2020-11-28T12:39:47.001622+00:00 [queued]>
[2020-11-28 18:09:49,432] {taskinstance.py:670} INFO - Dependencies all met for <TaskInstance: Write_data_to_postgres_then_to_elasticsearch.Create_table_in_postgres 2020-11-28T12:39:47.001622+00:00 [queued]>
[2020-11-28 18:09:49,432] {taskinstance.py:880} INFO - 
--------------------------------------------------------------------------------
[2020-11-28 18:09:49,432] {taskinstance.py:881} INFO - Starting attempt 1 of 1
[2020-11-28 18:09:49,432] {taskinstance.py:882} INFO - 
--------------------------------------------------------------------------------
[2020-11-28 18:09:49,439] {taskinstance.py:901} INFO - Executing <Task(PostgresOperator): Create_table_in_postgres> on 2020-11-28T12:39:47.001622+00:00
[2020-11-28 18:09:49,441] {standard_task_runner.py:54} INFO - Started process 15132 to run task
[2020-11-28 18:09:49,465] {standard_task_runner.py:77} INFO - Running: ['airflow', 'run', 'Write_data_to_postgres_then_to_elasticsearch', 'Create_table_in_postgres', '2020-11-28T12:39:47.001622+00:00', '--job_id', '419', '--pool', 'default_pool', '--raw', '-sd', 'DAGS_FOLDER/csv_pg_elasticsearch.py', '--cfg_path', '/var/folders/ff/pqhf5klx0msdsn3m1cnq4cxr0000gn/T/tmpkc0d5hmd']
[2020-11-28 18:09:49,467] {standard_task_runner.py:78} INFO - Job 419: Subtask Create_table_in_postgres
[2020-11-28 18:09:49,513] {logging_mixin.py:112} INFO - Running %s on host %s <TaskInstance: Write_data_to_postgres_then_to_elasticsearch.Create_table_in_postgres 2020-11-28T12:39:47.001622+00:00 [running]> 47.43.168.192.in-addr.arpa
[2020-11-28 18:09:49,543] {postgres_operator.py:62} INFO - Executing: CREATE TABLE sampletable(
            id integer PRIMARY KEY,
            description text,
            name text,
            id1 text,
            id2 text,
            department text
        );
        SET client_encoding = WIN1252;
        
[2020-11-28 18:09:49,553] {base_hook.py:89} INFO - Using connection to: id: postgres_default. Host: localhost, Port: None, Schema: testdb, Login: testuser, Password: XXXXXXXX, extra: None
[2020-11-28 18:09:49,571] {dbapi_hook.py:174} INFO - CREATE TABLE sampletable(
            id integer PRIMARY KEY,
            description text,
            name text,
            id1 text,
            id2 text,
            department text
        );
        SET client_encoding = WIN1252;
        
[2020-11-28 18:09:49,595] {taskinstance.py:1070} INFO - Marking task as SUCCESS.dag_id=Write_data_to_postgres_then_to_elasticsearch, task_id=Create_table_in_postgres, execution_date=20201128T123947, start_date=20201128T123949, end_date=20201128T123949
[2020-11-28 18:09:54,402] {local_task_job.py:102} INFO - Task exited with return code 0
