[2020-11-26 12:39:52,176] {taskinstance.py:670} INFO - Dependencies all met for <TaskInstance: Trial_first.templated 2019-10-07T00:00:00+00:00 [queued]>
[2020-11-26 12:39:52,203] {taskinstance.py:670} INFO - Dependencies all met for <TaskInstance: Trial_first.templated 2019-10-07T00:00:00+00:00 [queued]>
[2020-11-26 12:39:52,203] {taskinstance.py:880} INFO - 
--------------------------------------------------------------------------------
[2020-11-26 12:39:52,203] {taskinstance.py:881} INFO - Starting attempt 1 of 1
[2020-11-26 12:39:52,203] {taskinstance.py:882} INFO - 
--------------------------------------------------------------------------------
[2020-11-26 12:39:52,209] {taskinstance.py:901} INFO - Executing <Task(BashOperator): templated> on 2019-10-07T00:00:00+00:00
[2020-11-26 12:39:52,211] {standard_task_runner.py:54} INFO - Started process 5542 to run task
[2020-11-26 12:39:52,231] {standard_task_runner.py:77} INFO - Running: ['airflow', 'run', 'Trial_first', 'templated', '2019-10-07T00:00:00+00:00', '--job_id', '12', '--pool', 'default_pool', '--raw', '-sd', 'DAGS_FOLDER/sampledag.py', '--cfg_path', '/var/folders/ff/pqhf5klx0msdsn3m1cnq4cxr0000gn/T/tmp0ut9vxuk']
[2020-11-26 12:39:52,234] {standard_task_runner.py:78} INFO - Job 12: Subtask templated
[2020-11-26 12:39:52,280] {logging_mixin.py:112} INFO - Running %s on host %s <TaskInstance: Trial_first.templated 2019-10-07T00:00:00+00:00 [running]> 47.43.168.192.in-addr.arpa
[2020-11-26 12:39:52,320] {bash_operator.py:113} INFO - Tmp dir root location: 
 /var/folders/ff/pqhf5klx0msdsn3m1cnq4cxr0000gn/T
[2020-11-26 12:39:52,321] {bash_operator.py:136} INFO - Temporary script location: /var/folders/ff/pqhf5klx0msdsn3m1cnq4cxr0000gn/T/airflowtmpqqrflge5/templated1kenc2fj
[2020-11-26 12:39:52,321] {bash_operator.py:146} INFO - Running command: 

    echo "2019-10-07"
    echo "2019-10-14"
    echo "Parameter I passed in"

    echo "2019-10-07"
    echo "2019-10-14"
    echo "Parameter I passed in"

    echo "2019-10-07"
    echo "2019-10-14"
    echo "Parameter I passed in"

    echo "2019-10-07"
    echo "2019-10-14"
    echo "Parameter I passed in"

    echo "2019-10-07"
    echo "2019-10-14"
    echo "Parameter I passed in"

[2020-11-26 12:39:52,328] {bash_operator.py:153} INFO - Output:
[2020-11-26 12:39:52,333] {bash_operator.py:157} INFO - 2019-10-07
[2020-11-26 12:39:52,333] {bash_operator.py:157} INFO - 2019-10-14
[2020-11-26 12:39:52,334] {bash_operator.py:157} INFO - Parameter I passed in
[2020-11-26 12:39:52,334] {bash_operator.py:157} INFO - 2019-10-07
[2020-11-26 12:39:52,334] {bash_operator.py:157} INFO - 2019-10-14
[2020-11-26 12:39:52,334] {bash_operator.py:157} INFO - Parameter I passed in
[2020-11-26 12:39:52,334] {bash_operator.py:157} INFO - 2019-10-07
[2020-11-26 12:39:52,334] {bash_operator.py:157} INFO - 2019-10-14
[2020-11-26 12:39:52,335] {bash_operator.py:157} INFO - Parameter I passed in
[2020-11-26 12:39:52,335] {bash_operator.py:157} INFO - 2019-10-07
[2020-11-26 12:39:52,335] {bash_operator.py:157} INFO - 2019-10-14
[2020-11-26 12:39:52,335] {bash_operator.py:157} INFO - Parameter I passed in
[2020-11-26 12:39:52,335] {bash_operator.py:157} INFO - 2019-10-07
[2020-11-26 12:39:52,335] {bash_operator.py:157} INFO - 2019-10-14
[2020-11-26 12:39:52,336] {bash_operator.py:157} INFO - Parameter I passed in
[2020-11-26 12:39:52,336] {bash_operator.py:161} INFO - Command exited with return code 0
[2020-11-26 12:39:52,349] {taskinstance.py:1070} INFO - Marking task as SUCCESS.dag_id=Trial_first, task_id=templated, execution_date=20191007T000000, start_date=20201126T070952, end_date=20201126T070952
[2020-11-26 12:39:57,181] {local_task_job.py:102} INFO - Task exited with return code 0
