[2020-11-26 12:40:55,107] {taskinstance.py:670} INFO - Dependencies all met for <TaskInstance: Trial_first.templated 2019-10-08T00:00:00+00:00 [queued]>
[2020-11-26 12:40:55,125] {taskinstance.py:670} INFO - Dependencies all met for <TaskInstance: Trial_first.templated 2019-10-08T00:00:00+00:00 [queued]>
[2020-11-26 12:40:55,125] {taskinstance.py:880} INFO - 
--------------------------------------------------------------------------------
[2020-11-26 12:40:55,125] {taskinstance.py:881} INFO - Starting attempt 1 of 1
[2020-11-26 12:40:55,125] {taskinstance.py:882} INFO - 
--------------------------------------------------------------------------------
[2020-11-26 12:40:55,139] {taskinstance.py:901} INFO - Executing <Task(BashOperator): templated> on 2019-10-08T00:00:00+00:00
[2020-11-26 12:40:55,141] {standard_task_runner.py:54} INFO - Started process 5824 to run task
[2020-11-26 12:40:55,159] {standard_task_runner.py:77} INFO - Running: ['airflow', 'run', 'Trial_first', 'templated', '2019-10-08T00:00:00+00:00', '--job_id', '21', '--pool', 'default_pool', '--raw', '-sd', 'DAGS_FOLDER/sampledag.py', '--cfg_path', '/var/folders/ff/pqhf5klx0msdsn3m1cnq4cxr0000gn/T/tmpuk9qes_r']
[2020-11-26 12:40:55,162] {standard_task_runner.py:78} INFO - Job 21: Subtask templated
[2020-11-26 12:40:55,207] {logging_mixin.py:112} INFO - Running %s on host %s <TaskInstance: Trial_first.templated 2019-10-08T00:00:00+00:00 [running]> 47.43.168.192.in-addr.arpa
[2020-11-26 12:40:55,245] {bash_operator.py:113} INFO - Tmp dir root location: 
 /var/folders/ff/pqhf5klx0msdsn3m1cnq4cxr0000gn/T
[2020-11-26 12:40:55,246] {bash_operator.py:136} INFO - Temporary script location: /var/folders/ff/pqhf5klx0msdsn3m1cnq4cxr0000gn/T/airflowtmpp0f400zq/templatediu4h0juf
[2020-11-26 12:40:55,247] {bash_operator.py:146} INFO - Running command: 

    echo "2019-10-08"
    echo "2019-10-15"
    echo "Parameter I passed in"

    echo "2019-10-08"
    echo "2019-10-15"
    echo "Parameter I passed in"

    echo "2019-10-08"
    echo "2019-10-15"
    echo "Parameter I passed in"

    echo "2019-10-08"
    echo "2019-10-15"
    echo "Parameter I passed in"

    echo "2019-10-08"
    echo "2019-10-15"
    echo "Parameter I passed in"

[2020-11-26 12:40:55,251] {bash_operator.py:153} INFO - Output:
[2020-11-26 12:40:55,253] {bash_operator.py:157} INFO - 2019-10-08
[2020-11-26 12:40:55,253] {bash_operator.py:157} INFO - 2019-10-15
[2020-11-26 12:40:55,253] {bash_operator.py:157} INFO - Parameter I passed in
[2020-11-26 12:40:55,254] {bash_operator.py:157} INFO - 2019-10-08
[2020-11-26 12:40:55,254] {bash_operator.py:157} INFO - 2019-10-15
[2020-11-26 12:40:55,254] {bash_operator.py:157} INFO - Parameter I passed in
[2020-11-26 12:40:55,254] {bash_operator.py:157} INFO - 2019-10-08
[2020-11-26 12:40:55,254] {bash_operator.py:157} INFO - 2019-10-15
[2020-11-26 12:40:55,254] {bash_operator.py:157} INFO - Parameter I passed in
[2020-11-26 12:40:55,255] {bash_operator.py:157} INFO - 2019-10-08
[2020-11-26 12:40:55,255] {bash_operator.py:157} INFO - 2019-10-15
[2020-11-26 12:40:55,255] {bash_operator.py:157} INFO - Parameter I passed in
[2020-11-26 12:40:55,255] {bash_operator.py:157} INFO - 2019-10-08
[2020-11-26 12:40:55,255] {bash_operator.py:157} INFO - 2019-10-15
[2020-11-26 12:40:55,255] {bash_operator.py:157} INFO - Parameter I passed in
[2020-11-26 12:40:55,256] {bash_operator.py:161} INFO - Command exited with return code 0
[2020-11-26 12:40:55,269] {taskinstance.py:1070} INFO - Marking task as SUCCESS.dag_id=Trial_first, task_id=templated, execution_date=20191008T000000, start_date=20201126T071055, end_date=20201126T071055
[2020-11-26 12:41:00,105] {local_task_job.py:102} INFO - Task exited with return code 0
