[2020-11-28 19:37:49,434] {taskinstance.py:670} INFO - Dependencies all met for <TaskInstance: Write_data_to_PG.sense_the_csv 2020-11-28T14:07:37.893831+00:00 [queued]>
[2020-11-28 19:37:49,463] {taskinstance.py:670} INFO - Dependencies all met for <TaskInstance: Write_data_to_PG.sense_the_csv 2020-11-28T14:07:37.893831+00:00 [queued]>
[2020-11-28 19:37:49,463] {taskinstance.py:880} INFO - 
--------------------------------------------------------------------------------
[2020-11-28 19:37:49,463] {taskinstance.py:881} INFO - Starting attempt 1 of 1
[2020-11-28 19:37:49,463] {taskinstance.py:882} INFO - 
--------------------------------------------------------------------------------
[2020-11-28 19:37:49,471] {taskinstance.py:901} INFO - Executing <Task(FileSensor): sense_the_csv> on 2020-11-28T14:07:37.893831+00:00
[2020-11-28 19:37:49,473] {standard_task_runner.py:54} INFO - Started process 39785 to run task
[2020-11-28 19:37:49,499] {standard_task_runner.py:77} INFO - Running: ['airflow', 'run', 'Write_data_to_PG', 'sense_the_csv', '2020-11-28T14:07:37.893831+00:00', '--job_id', '477', '--pool', 'default_pool', '--raw', '-sd', 'DAGS_FOLDER/FileSensorDemo.py', '--cfg_path', '/var/folders/ff/pqhf5klx0msdsn3m1cnq4cxr0000gn/T/tmp5__89z4f']
[2020-11-28 19:37:49,503] {standard_task_runner.py:78} INFO - Job 477: Subtask sense_the_csv
[2020-11-28 19:37:49,550] {logging_mixin.py:112} INFO - Running %s on host %s <TaskInstance: Write_data_to_PG.sense_the_csv 2020-11-28T14:07:37.893831+00:00 [running]> 47.43.168.192.in-addr.arpa
[2020-11-28 19:37:49,585] {file_sensor.py:60} INFO - Poking for file Users/yudi/airflow/sample1.csv
[2020-11-28 19:37:59,603] {file_sensor.py:60} INFO - Poking for file Users/yudi/airflow/sample1.csv
[2020-11-28 19:38:09,619] {file_sensor.py:60} INFO - Poking for file Users/yudi/airflow/sample1.csv
[2020-11-28 19:38:19,635] {file_sensor.py:60} INFO - Poking for file Users/yudi/airflow/sample1.csv
[2020-11-28 19:38:29,649] {file_sensor.py:60} INFO - Poking for file Users/yudi/airflow/sample1.csv
[2020-11-28 19:38:39,664] {file_sensor.py:60} INFO - Poking for file Users/yudi/airflow/sample1.csv
[2020-11-28 19:38:49,676] {file_sensor.py:60} INFO - Poking for file /Users/yudi/airflow/sample1.csv
[2020-11-28 19:38:49,677] {base_sensor_operator.py:123} INFO - Success criteria met. Exiting.
[2020-11-28 19:38:49,724] {taskinstance.py:1070} INFO - Marking task as SUCCESS.dag_id=Write_data_to_PG, task_id=sense_the_csv, execution_date=20201128T140737, start_date=20201128T140749, end_date=20201128T140849
[2020-11-28 19:38:54,631] {local_task_job.py:102} INFO - Task exited with return code 0
