[2020-11-28 19:42:45,379] {taskinstance.py:670} INFO - Dependencies all met for <TaskInstance: Write_data_to_PG.create_table 2020-11-28T14:12:41.163474+00:00 [queued]>
[2020-11-28 19:42:45,398] {taskinstance.py:670} INFO - Dependencies all met for <TaskInstance: Write_data_to_PG.create_table 2020-11-28T14:12:41.163474+00:00 [queued]>
[2020-11-28 19:42:45,398] {taskinstance.py:880} INFO - 
--------------------------------------------------------------------------------
[2020-11-28 19:42:45,398] {taskinstance.py:881} INFO - Starting attempt 1 of 1
[2020-11-28 19:42:45,398] {taskinstance.py:882} INFO - 
--------------------------------------------------------------------------------
[2020-11-28 19:42:45,413] {taskinstance.py:901} INFO - Executing <Task(PostgresOperator): create_table> on 2020-11-28T14:12:41.163474+00:00
[2020-11-28 19:42:45,416] {standard_task_runner.py:54} INFO - Started process 41090 to run task
[2020-11-28 19:42:45,445] {standard_task_runner.py:77} INFO - Running: ['airflow', 'run', 'Write_data_to_PG', 'create_table', '2020-11-28T14:12:41.163474+00:00', '--job_id', '482', '--pool', 'default_pool', '--raw', '-sd', 'DAGS_FOLDER/FileSensorDemo.py', '--cfg_path', '/var/folders/ff/pqhf5klx0msdsn3m1cnq4cxr0000gn/T/tmpkyrb77rs']
[2020-11-28 19:42:45,448] {standard_task_runner.py:78} INFO - Job 482: Subtask create_table
[2020-11-28 19:42:45,505] {logging_mixin.py:112} INFO - Running %s on host %s <TaskInstance: Write_data_to_PG.create_table 2020-11-28T14:12:41.163474+00:00 [running]> 47.43.168.192.in-addr.arpa
[2020-11-28 19:42:45,532] {postgres_operator.py:62} INFO - Executing: CREATE TABLE sampletable(
            Date text,
            Open text,
            High text,
            Low text,
            Close text
        );
        
[2020-11-28 19:42:45,541] {base_hook.py:89} INFO - Using connection to: id: postgres_default. Host: localhost, Port: None, Schema: testdb, Login: testuser, Password: XXXXXXXX, extra: None
[2020-11-28 19:42:45,547] {dbapi_hook.py:174} INFO - CREATE TABLE sampletable(
            Date text,
            Open text,
            High text,
            Low text,
            Close text
        );
        
[2020-11-28 19:42:45,573] {taskinstance.py:1070} INFO - Marking task as SUCCESS.dag_id=Write_data_to_PG, task_id=create_table, execution_date=20201128T141241, start_date=20201128T141245, end_date=20201128T141245
[2020-11-28 19:42:50,378] {local_task_job.py:102} INFO - Task exited with return code 0
