[2020-11-26 14:43:35,211] {taskinstance.py:670} INFO - Dependencies all met for <TaskInstance: Write_data_to_PG.python_task 2020-11-26T09:13:27.158242+00:00 [queued]>
[2020-11-26 14:43:35,228] {taskinstance.py:670} INFO - Dependencies all met for <TaskInstance: Write_data_to_PG.python_task 2020-11-26T09:13:27.158242+00:00 [queued]>
[2020-11-26 14:43:35,228] {taskinstance.py:880} INFO - 
--------------------------------------------------------------------------------
[2020-11-26 14:43:35,228] {taskinstance.py:881} INFO - Starting attempt 1 of 1
[2020-11-26 14:43:35,228] {taskinstance.py:882} INFO - 
--------------------------------------------------------------------------------
[2020-11-26 14:43:35,241] {taskinstance.py:901} INFO - Executing <Task(PythonOperator): python_task> on 2020-11-26T09:13:27.158242+00:00
[2020-11-26 14:43:35,243] {standard_task_runner.py:54} INFO - Started process 23192 to run task
[2020-11-26 14:43:35,263] {standard_task_runner.py:77} INFO - Running: ['airflow', 'run', 'Write_data_to_PG', 'python_task', '2020-11-26T09:13:27.158242+00:00', '--job_id', '9', '--pool', 'default_pool', '--raw', '-sd', 'DAGS_FOLDER/sampledag.py', '--cfg_path', '/var/folders/ff/pqhf5klx0msdsn3m1cnq4cxr0000gn/T/tmphbjaleu9']
[2020-11-26 14:43:35,265] {standard_task_runner.py:78} INFO - Job 9: Subtask python_task
[2020-11-26 14:43:35,316] {logging_mixin.py:112} INFO - Running %s on host %s <TaskInstance: Write_data_to_PG.python_task 2020-11-26T09:13:27.158242+00:00 [running]> 47.43.168.192.in-addr.arpa
[2020-11-26 14:43:35,344] {logging_mixin.py:112} INFO - Creating table in database.
[2020-11-26 14:43:35,353] {logging_mixin.py:112} INFO - <connection object at 0x7ffa0029deb8; dsn: 'host=localhost dbname=testdb user=testuser', closed: 0>
[2020-11-26 14:43:35,353] {logging_mixin.py:112} INFO - <cursor object at 0x7ff9fff20808; closed: 0>
[2020-11-26 14:43:35,353] {logging_mixin.py:112} INFO - ('INSERT INTO users VALUES (%s, %s, %s, %s)', (10, 'hello@test.com', 'Some Name', 'Some address.'))
[2020-11-26 14:43:35,354] {logging_mixin.py:112} INFO - <connection object at 0x7ffa0029deb8; dsn: 'host=localhost dbname=testdb user=testuser', closed: 0>
[2020-11-26 14:43:35,354] {logging_mixin.py:112} INFO - DONE!!!!!!!!!!!.
[2020-11-26 14:43:35,354] {python_operator.py:114} INFO - Done. Returned value was: None
[2020-11-26 14:43:35,365] {taskinstance.py:1070} INFO - Marking task as SUCCESS.dag_id=Write_data_to_PG, task_id=python_task, execution_date=20201126T091327, start_date=20201126T091335, end_date=20201126T091335
[2020-11-26 14:43:40,203] {local_task_job.py:102} INFO - Task exited with return code 0
