[2020-11-28 16:55:55,855] {taskinstance.py:670} INFO - Dependencies all met for <TaskInstance: Write_data_to_postgres_then_to_elasticsearch.Write_csv_data_to_db 2020-11-28T11:25:25.413361+00:00 [queued]>
[2020-11-28 16:55:55,876] {taskinstance.py:670} INFO - Dependencies all met for <TaskInstance: Write_data_to_postgres_then_to_elasticsearch.Write_csv_data_to_db 2020-11-28T11:25:25.413361+00:00 [queued]>
[2020-11-28 16:55:55,876] {taskinstance.py:880} INFO - 
--------------------------------------------------------------------------------
[2020-11-28 16:55:55,876] {taskinstance.py:881} INFO - Starting attempt 1 of 1
[2020-11-28 16:55:55,876] {taskinstance.py:882} INFO - 
--------------------------------------------------------------------------------
[2020-11-28 16:55:55,888] {taskinstance.py:901} INFO - Executing <Task(PythonOperator): Write_csv_data_to_db> on 2020-11-28T11:25:25.413361+00:00
[2020-11-28 16:55:55,890] {standard_task_runner.py:54} INFO - Started process 94571 to run task
[2020-11-28 16:55:55,912] {standard_task_runner.py:77} INFO - Running: ['airflow', 'run', 'Write_data_to_postgres_then_to_elasticsearch', 'Write_csv_data_to_db', '2020-11-28T11:25:25.413361+00:00', '--job_id', '372', '--pool', 'default_pool', '--raw', '-sd', 'DAGS_FOLDER/dag.py', '--cfg_path', '/var/folders/ff/pqhf5klx0msdsn3m1cnq4cxr0000gn/T/tmpelp2u1tz']
[2020-11-28 16:55:55,915] {standard_task_runner.py:78} INFO - Job 372: Subtask Write_csv_data_to_db
[2020-11-28 16:55:55,959] {logging_mixin.py:112} INFO - Running %s on host %s <TaskInstance: Write_data_to_postgres_then_to_elasticsearch.Write_csv_data_to_db 2020-11-28T11:25:25.413361+00:00 [running]> 47.43.168.192.in-addr.arpa
[2020-11-28 16:55:56,013] {taskinstance.py:1150} ERROR - invalid input syntax for type integer: ""1.7 Cubic Foot Compact ""Cube"" Office Refrigerators""
CONTEXT:  COPY sampletable, line 1, column id: ""1.7 Cubic Foot Compact ""Cube"" Office Refrigerators""
Traceback (most recent call last):
  File "/Users/yudi/opt/anaconda3/envs/airflow/lib/python3.6/site-packages/airflow/models/taskinstance.py", line 984, in _run_raw_task
    result = task_copy.execute(context=context)
  File "/Users/yudi/opt/anaconda3/envs/airflow/lib/python3.6/site-packages/airflow/operators/python_operator.py", line 113, in execute
    return_value = self.execute_callable()
  File "/Users/yudi/opt/anaconda3/envs/airflow/lib/python3.6/site-packages/airflow/operators/python_operator.py", line 118, in execute_callable
    return self.python_callable(*self.op_args, **self.op_kwargs)
  File "/Users/yudi/workspace/personalprojects/DE-Prac/Airflow_prac/csv_to_postgres_to_elasticsearch/dag.py", line 46, in write_data
    cur.copy_from(f, "sampletable", sep=",")
psycopg2.errors.InvalidTextRepresentation: invalid input syntax for type integer: ""1.7 Cubic Foot Compact ""Cube"" Office Refrigerators""
CONTEXT:  COPY sampletable, line 1, column id: ""1.7 Cubic Foot Compact ""Cube"" Office Refrigerators""

[2020-11-28 16:55:56,016] {taskinstance.py:1194} INFO - Marking task as FAILED. dag_id=Write_data_to_postgres_then_to_elasticsearch, task_id=Write_csv_data_to_db, execution_date=20201128T112525, start_date=20201128T112555, end_date=20201128T112556
[2020-11-28 16:56:00,847] {local_task_job.py:102} INFO - Task exited with return code 1
