[2020-11-28 19:39:12,601] {taskinstance.py:670} INFO - Dependencies all met for <TaskInstance: Write_data_to_PG.populate_data 2020-11-28T14:07:37.893831+00:00 [queued]>
[2020-11-28 19:39:12,639] {taskinstance.py:670} INFO - Dependencies all met for <TaskInstance: Write_data_to_PG.populate_data 2020-11-28T14:07:37.893831+00:00 [queued]>
[2020-11-28 19:39:12,639] {taskinstance.py:880} INFO - 
--------------------------------------------------------------------------------
[2020-11-28 19:39:12,639] {taskinstance.py:881} INFO - Starting attempt 1 of 1
[2020-11-28 19:39:12,639] {taskinstance.py:882} INFO - 
--------------------------------------------------------------------------------
[2020-11-28 19:39:12,652] {taskinstance.py:901} INFO - Executing <Task(PythonOperator): populate_data> on 2020-11-28T14:07:37.893831+00:00
[2020-11-28 19:39:12,654] {standard_task_runner.py:54} INFO - Started process 40065 to run task
[2020-11-28 19:39:12,677] {standard_task_runner.py:77} INFO - Running: ['airflow', 'run', 'Write_data_to_PG', 'populate_data', '2020-11-28T14:07:37.893831+00:00', '--job_id', '480', '--pool', 'default_pool', '--raw', '-sd', 'DAGS_FOLDER/FileSensorDemo.py', '--cfg_path', '/var/folders/ff/pqhf5klx0msdsn3m1cnq4cxr0000gn/T/tmpk_v1c3tm']
[2020-11-28 19:39:12,679] {standard_task_runner.py:78} INFO - Job 480: Subtask populate_data
[2020-11-28 19:39:12,724] {logging_mixin.py:112} INFO - Running %s on host %s <TaskInstance: Write_data_to_PG.populate_data 2020-11-28T14:07:37.893831+00:00 [running]> 47.43.168.192.in-addr.arpa
[2020-11-28 19:39:12,751] {logging_mixin.py:112} INFO - Creating table in database.
[2020-11-28 19:39:12,756] {logging_mixin.py:112} INFO - <connection object at 0x7ff793a80eb8; dsn: 'host=localhost dbname=testdb user=testuser', closed: 0>
[2020-11-28 19:39:12,756] {logging_mixin.py:112} INFO - <cursor object at 0x7ff793829710; closed: 0>
[2020-11-28 19:39:12,759] {taskinstance.py:1150} ERROR - extra data after last expected column
CONTEXT:  COPY users, line 1: "25/02/14,173.2,173.84343,101.62872,135"
Traceback (most recent call last):
  File "/Users/yudi/opt/anaconda3/envs/airflow/lib/python3.6/site-packages/airflow/models/taskinstance.py", line 984, in _run_raw_task
    result = task_copy.execute(context=context)
  File "/Users/yudi/opt/anaconda3/envs/airflow/lib/python3.6/site-packages/airflow/operators/python_operator.py", line 113, in execute
    return_value = self.execute_callable()
  File "/Users/yudi/opt/anaconda3/envs/airflow/lib/python3.6/site-packages/airflow/operators/python_operator.py", line 118, in execute_callable
    return self.python_callable(*self.op_args, **self.op_kwargs)
  File "/Users/yudi/airflow/dags/FileSensorDemo.py", line 38, in my_func
    cur.copy_from(f, "users", sep=",")
psycopg2.errors.BadCopyFileFormat: extra data after last expected column
CONTEXT:  COPY users, line 1: "25/02/14,173.2,173.84343,101.62872,135"

[2020-11-28 19:39:12,761] {taskinstance.py:1194} INFO - Marking task as FAILED. dag_id=Write_data_to_PG, task_id=populate_data, execution_date=20201128T140737, start_date=20201128T140912, end_date=20201128T140912
[2020-11-28 19:39:17,594] {local_task_job.py:102} INFO - Task exited with return code 1
