[2020-11-28 20:32:45,156] {taskinstance.py:670} INFO - Dependencies all met for <TaskInstance: Write_data_to_postgres_then_to_elasticsearch.Create_table_in_postgres 2020-11-28T15:02:42.056756+00:00 [queued]>
[2020-11-28 20:32:45,192] {taskinstance.py:670} INFO - Dependencies all met for <TaskInstance: Write_data_to_postgres_then_to_elasticsearch.Create_table_in_postgres 2020-11-28T15:02:42.056756+00:00 [queued]>
[2020-11-28 20:32:45,192] {taskinstance.py:880} INFO - 
--------------------------------------------------------------------------------
[2020-11-28 20:32:45,192] {taskinstance.py:881} INFO - Starting attempt 1 of 1
[2020-11-28 20:32:45,193] {taskinstance.py:882} INFO - 
--------------------------------------------------------------------------------
[2020-11-28 20:32:45,228] {taskinstance.py:901} INFO - Executing <Task(PostgresOperator): Create_table_in_postgres> on 2020-11-28T15:02:42.056756+00:00
[2020-11-28 20:32:45,230] {standard_task_runner.py:54} INFO - Started process 58812 to run task
[2020-11-28 20:32:45,265] {standard_task_runner.py:77} INFO - Running: ['airflow', 'run', 'Write_data_to_postgres_then_to_elasticsearch', 'Create_table_in_postgres', '2020-11-28T15:02:42.056756+00:00', '--job_id', '504', '--pool', 'default_pool', '--raw', '-sd', 'DAGS_FOLDER/csv_pg_elasticsearch.py', '--cfg_path', '/var/folders/ff/pqhf5klx0msdsn3m1cnq4cxr0000gn/T/tmp858f95a_']
[2020-11-28 20:32:45,269] {standard_task_runner.py:78} INFO - Job 504: Subtask Create_table_in_postgres
[2020-11-28 20:32:45,349] {logging_mixin.py:112} INFO - Running %s on host %s <TaskInstance: Write_data_to_postgres_then_to_elasticsearch.Create_table_in_postgres 2020-11-28T15:02:42.056756+00:00 [running]> 47.43.168.192.in-addr.arpa
[2020-11-28 20:32:45,433] {postgres_operator.py:62} INFO - Executing: CREATE TABLE sampletable(
            Date text,
            Open text,
            High text,
            Low text,
            Close text
        );
        SET client_encoding = WIN1252;
        
[2020-11-28 20:32:45,443] {base_hook.py:89} INFO - Using connection to: id: postgres_default. Host: localhost, Port: None, Schema: testdb, Login: testuser, Password: XXXXXXXX, extra: None
[2020-11-28 20:32:45,451] {dbapi_hook.py:174} INFO - CREATE TABLE sampletable(
            Date text,
            Open text,
            High text,
            Low text,
            Close text
        );
        SET client_encoding = WIN1252;
        
[2020-11-28 20:32:45,476] {taskinstance.py:1070} INFO - Marking task as SUCCESS.dag_id=Write_data_to_postgres_then_to_elasticsearch, task_id=Create_table_in_postgres, execution_date=20201128T150242, start_date=20201128T150245, end_date=20201128T150245
[2020-11-28 20:32:50,079] {local_task_job.py:102} INFO - Task exited with return code 0
