[2020-11-28 19:35:01,760] {taskinstance.py:670} INFO - Dependencies all met for <TaskInstance: Write_data_to_PG.sense_the_csv 2020-11-28T14:04:51.560214+00:00 [queued]>
[2020-11-28 19:35:01,789] {taskinstance.py:670} INFO - Dependencies all met for <TaskInstance: Write_data_to_PG.sense_the_csv 2020-11-28T14:04:51.560214+00:00 [queued]>
[2020-11-28 19:35:01,789] {taskinstance.py:880} INFO - 
--------------------------------------------------------------------------------
[2020-11-28 19:35:01,789] {taskinstance.py:881} INFO - Starting attempt 1 of 1
[2020-11-28 19:35:01,789] {taskinstance.py:882} INFO - 
--------------------------------------------------------------------------------
[2020-11-28 19:35:01,797] {taskinstance.py:901} INFO - Executing <Task(FileSensor): sense_the_csv> on 2020-11-28T14:04:51.560214+00:00
[2020-11-28 19:35:01,800] {standard_task_runner.py:54} INFO - Started process 39360 to run task
[2020-11-28 19:35:01,843] {standard_task_runner.py:77} INFO - Running: ['airflow', 'run', 'Write_data_to_PG', 'sense_the_csv', '2020-11-28T14:04:51.560214+00:00', '--job_id', '473', '--pool', 'default_pool', '--raw', '-sd', 'DAGS_FOLDER/FileSensorDemo.py', '--cfg_path', '/var/folders/ff/pqhf5klx0msdsn3m1cnq4cxr0000gn/T/tmpe5x9iyny']
[2020-11-28 19:35:01,847] {standard_task_runner.py:78} INFO - Job 473: Subtask sense_the_csv
[2020-11-28 19:35:01,908] {logging_mixin.py:112} INFO - Running %s on host %s <TaskInstance: Write_data_to_PG.sense_the_csv 2020-11-28T14:04:51.560214+00:00 [running]> 47.43.168.192.in-addr.arpa
[2020-11-28 19:35:01,943] {file_sensor.py:60} INFO - Poking for file Users/yudi/airflow/sample1.csv
[2020-11-28 19:35:11,956] {file_sensor.py:60} INFO - Poking for file Users/yudi/airflow/sample1.csv
[2020-11-28 19:35:21,966] {file_sensor.py:60} INFO - Poking for file Users/yudi/airflow/sample1.csv
[2020-11-28 19:35:31,984] {file_sensor.py:60} INFO - Poking for file Users/yudi/airflow/sample1.csv
[2020-11-28 19:35:42,000] {file_sensor.py:60} INFO - Poking for file Users/yudi/airflow/sample1.csv
[2020-11-28 19:35:52,012] {file_sensor.py:60} INFO - Poking for file Users/yudi/airflow/sample1.csv
[2020-11-28 19:36:02,024] {file_sensor.py:60} INFO - Poking for file Users/yudi/airflow/sample1.csv
[2020-11-28 19:36:12,040] {file_sensor.py:60} INFO - Poking for file Users/yudi/airflow/sample1.csv
[2020-11-28 19:36:22,057] {file_sensor.py:60} INFO - Poking for file Users/yudi/airflow/sample1.csv
[2020-11-28 19:36:32,070] {file_sensor.py:60} INFO - Poking for file Users/yudi/airflow/sample1.csv
[2020-11-28 19:36:42,080] {file_sensor.py:60} INFO - Poking for file Users/yudi/airflow/sample1.csv
[2020-11-28 19:36:52,092] {file_sensor.py:60} INFO - Poking for file Users/yudi/airflow/sample1.csv
[2020-11-28 19:37:02,104] {file_sensor.py:60} INFO - Poking for file Users/yudi/airflow/sample1.csv
[2020-11-28 19:37:12,114] {file_sensor.py:60} INFO - Poking for file Users/yudi/airflow/sample1.csv
[2020-11-28 19:37:22,127] {file_sensor.py:60} INFO - Poking for file Users/yudi/airflow/sample1.csv
[2020-11-28 19:37:32,136] {file_sensor.py:60} INFO - Poking for file Users/yudi/airflow/sample1.csv
[2020-11-28 19:37:42,148] {file_sensor.py:60} INFO - Poking for file Users/yudi/airflow/sample1.csv
[2020-11-28 19:37:52,163] {file_sensor.py:60} INFO - Poking for file Users/yudi/airflow/sample1.csv
[2020-11-28 19:38:02,176] {file_sensor.py:60} INFO - Poking for file Users/yudi/airflow/sample1.csv
[2020-11-28 19:38:12,194] {file_sensor.py:60} INFO - Poking for file Users/yudi/airflow/sample1.csv
[2020-11-28 19:38:22,216] {file_sensor.py:60} INFO - Poking for file Users/yudi/airflow/sample1.csv
[2020-11-28 19:38:32,234] {file_sensor.py:60} INFO - Poking for file Users/yudi/airflow/sample1.csv
[2020-11-28 19:38:42,248] {file_sensor.py:60} INFO - Poking for file Users/yudi/airflow/sample1.csv
[2020-11-28 19:38:52,262] {file_sensor.py:60} INFO - Poking for file /Users/yudi/airflow/sample1.csv
[2020-11-28 19:38:52,263] {base_sensor_operator.py:123} INFO - Success criteria met. Exiting.
[2020-11-28 19:38:52,277] {taskinstance.py:1070} INFO - Marking task as SUCCESS.dag_id=Write_data_to_PG, task_id=sense_the_csv, execution_date=20201128T140451, start_date=20201128T140501, end_date=20201128T140852
