[2020-11-28 18:03:36,431] {taskinstance.py:670} INFO - Dependencies all met for <TaskInstance: Write_data_to_postgres_then_to_elasticsearch.Write_csv_data_to_db 2020-11-28T12:33:26.236261+00:00 [queued]>
[2020-11-28 18:03:36,461] {taskinstance.py:670} INFO - Dependencies all met for <TaskInstance: Write_data_to_postgres_then_to_elasticsearch.Write_csv_data_to_db 2020-11-28T12:33:26.236261+00:00 [queued]>
[2020-11-28 18:03:36,461] {taskinstance.py:880} INFO - 
--------------------------------------------------------------------------------
[2020-11-28 18:03:36,461] {taskinstance.py:881} INFO - Starting attempt 1 of 1
[2020-11-28 18:03:36,461] {taskinstance.py:882} INFO - 
--------------------------------------------------------------------------------
[2020-11-28 18:03:36,467] {taskinstance.py:901} INFO - Executing <Task(PythonOperator): Write_csv_data_to_db> on 2020-11-28T12:33:26.236261+00:00
[2020-11-28 18:03:36,470] {standard_task_runner.py:54} INFO - Started process 13225 to run task
[2020-11-28 18:03:36,499] {standard_task_runner.py:77} INFO - Running: ['airflow', 'run', 'Write_data_to_postgres_then_to_elasticsearch', 'Write_csv_data_to_db', '2020-11-28T12:33:26.236261+00:00', '--job_id', '411', '--pool', 'default_pool', '--raw', '-sd', 'DAGS_FOLDER/csv_pg_elasticsearch.py', '--cfg_path', '/var/folders/ff/pqhf5klx0msdsn3m1cnq4cxr0000gn/T/tmpsis2n_ub']
[2020-11-28 18:03:36,502] {standard_task_runner.py:78} INFO - Job 411: Subtask Write_csv_data_to_db
[2020-11-28 18:03:36,549] {logging_mixin.py:112} INFO - Running %s on host %s <TaskInstance: Write_data_to_postgres_then_to_elasticsearch.Write_csv_data_to_db 2020-11-28T12:33:26.236261+00:00 [running]> 47.43.168.192.in-addr.arpa
[2020-11-28 18:03:36,583] {taskinstance.py:1150} ERROR - 'utf-8' codec can't decode byte 0xae in position 119: invalid start byte
Traceback (most recent call last):
  File "/Users/yudi/opt/anaconda3/envs/airflow/lib/python3.6/site-packages/airflow/models/taskinstance.py", line 984, in _run_raw_task
    result = task_copy.execute(context=context)
  File "/Users/yudi/opt/anaconda3/envs/airflow/lib/python3.6/site-packages/airflow/operators/python_operator.py", line 113, in execute
    return_value = self.execute_callable()
  File "/Users/yudi/opt/anaconda3/envs/airflow/lib/python3.6/site-packages/airflow/operators/python_operator.py", line 118, in execute_callable
    return self.python_callable(*self.op_args, **self.op_kwargs)
  File "/Users/yudi/airflow/dags/csv_pg_elasticsearch.py", line 54, in write_data
    for row in reader:
  File "/Users/yudi/opt/anaconda3/envs/airflow/lib/python3.6/codecs.py", line 321, in decode
    (result, consumed) = self._buffer_decode(data, self.errors, final)
UnicodeDecodeError: 'utf-8' codec can't decode byte 0xae in position 119: invalid start byte
[2020-11-28 18:03:36,590] {taskinstance.py:1194} INFO - Marking task as FAILED. dag_id=Write_data_to_postgres_then_to_elasticsearch, task_id=Write_csv_data_to_db, execution_date=20201128T123326, start_date=20201128T123336, end_date=20201128T123336
[2020-11-28 18:03:41,412] {local_task_job.py:102} INFO - Task exited with return code 1
