[2020-11-26 17:07:00,679] {taskinstance.py:670} INFO - Dependencies all met for <TaskInstance: Write_data_to_PG.sensing_task 2020-11-26T11:30:00+00:00 [queued]>
[2020-11-26 17:07:00,698] {taskinstance.py:670} INFO - Dependencies all met for <TaskInstance: Write_data_to_PG.sensing_task 2020-11-26T11:30:00+00:00 [queued]>
[2020-11-26 17:07:00,698] {taskinstance.py:880} INFO - 
--------------------------------------------------------------------------------
[2020-11-26 17:07:00,698] {taskinstance.py:881} INFO - Starting attempt 1 of 1
[2020-11-26 17:07:00,699] {taskinstance.py:882} INFO - 
--------------------------------------------------------------------------------
[2020-11-26 17:07:00,712] {taskinstance.py:901} INFO - Executing <Task(FileSensor): sensing_task> on 2020-11-26T11:30:00+00:00
[2020-11-26 17:07:00,714] {standard_task_runner.py:54} INFO - Started process 45294 to run task
[2020-11-26 17:07:00,734] {standard_task_runner.py:77} INFO - Running: ['airflow', 'run', 'Write_data_to_PG', 'sensing_task', '2020-11-26T11:30:00+00:00', '--job_id', '32', '--pool', 'default_pool', '--raw', '-sd', 'DAGS_FOLDER/sampledag.py', '--cfg_path', '/var/folders/ff/pqhf5klx0msdsn3m1cnq4cxr0000gn/T/tmp5je_g92q']
[2020-11-26 17:07:00,737] {standard_task_runner.py:78} INFO - Job 32: Subtask sensing_task
[2020-11-26 17:07:00,786] {logging_mixin.py:112} INFO - Running %s on host %s <TaskInstance: Write_data_to_PG.sensing_task 2020-11-26T11:30:00+00:00 [running]> 47.43.168.192.in-addr.arpa
[2020-11-26 17:07:00,825] {connection.py:344} ERROR - Expecting ':' delimiter: line 1 column 8 (char 7)
Traceback (most recent call last):
  File "/Users/yudi/opt/anaconda3/envs/airflow/lib/python3.6/site-packages/airflow/models/connection.py", line 342, in extra_dejson
    obj = json.loads(self.extra)
  File "/Users/yudi/opt/anaconda3/envs/airflow/lib/python3.6/json/__init__.py", line 354, in loads
    return _default_decoder.decode(s)
  File "/Users/yudi/opt/anaconda3/envs/airflow/lib/python3.6/json/decoder.py", line 339, in decode
    obj, end = self.raw_decode(s, idx=_w(s, 0).end())
  File "/Users/yudi/opt/anaconda3/envs/airflow/lib/python3.6/json/decoder.py", line 355, in raw_decode
    obj, end = self.scan_once(s, idx)
json.decoder.JSONDecodeError: Expecting ':' delimiter: line 1 column 8 (char 7)
[2020-11-26 17:07:00,829] {connection.py:345} ERROR - Failed parsing the json for conn_id my_file_system
[2020-11-26 17:07:00,829] {file_sensor.py:60} INFO - Poking for file test.csv
[2020-11-26 17:07:00,830] {base_sensor_operator.py:123} INFO - Success criteria met. Exiting.
[2020-11-26 17:07:00,839] {taskinstance.py:1070} INFO - Marking task as SUCCESS.dag_id=Write_data_to_PG, task_id=sensing_task, execution_date=20201126T113000, start_date=20201126T113700, end_date=20201126T113700
[2020-11-26 17:07:05,675] {local_task_job.py:102} INFO - Task exited with return code 0
