[2020-11-28 16:55:48,508] {taskinstance.py:670} INFO - Dependencies all met for <TaskInstance: Write_data_to_postgres_then_to_elasticsearch.Create_table_in_postgres 2020-11-28T11:25:25.413361+00:00 [queued]>
[2020-11-28 16:55:48,526] {taskinstance.py:670} INFO - Dependencies all met for <TaskInstance: Write_data_to_postgres_then_to_elasticsearch.Create_table_in_postgres 2020-11-28T11:25:25.413361+00:00 [queued]>
[2020-11-28 16:55:48,526] {taskinstance.py:880} INFO - 
--------------------------------------------------------------------------------
[2020-11-28 16:55:48,526] {taskinstance.py:881} INFO - Starting attempt 1 of 1
[2020-11-28 16:55:48,526] {taskinstance.py:882} INFO - 
--------------------------------------------------------------------------------
[2020-11-28 16:55:48,540] {taskinstance.py:901} INFO - Executing <Task(PostgresOperator): Create_table_in_postgres> on 2020-11-28T11:25:25.413361+00:00
[2020-11-28 16:55:48,542] {standard_task_runner.py:54} INFO - Started process 94528 to run task
[2020-11-28 16:55:48,568] {standard_task_runner.py:77} INFO - Running: ['airflow', 'run', 'Write_data_to_postgres_then_to_elasticsearch', 'Create_table_in_postgres', '2020-11-28T11:25:25.413361+00:00', '--job_id', '371', '--pool', 'default_pool', '--raw', '-sd', 'DAGS_FOLDER/dag.py', '--cfg_path', '/var/folders/ff/pqhf5klx0msdsn3m1cnq4cxr0000gn/T/tmp_z0lcnu8']
[2020-11-28 16:55:48,571] {standard_task_runner.py:78} INFO - Job 371: Subtask Create_table_in_postgres
[2020-11-28 16:55:48,632] {logging_mixin.py:112} INFO - Running %s on host %s <TaskInstance: Write_data_to_postgres_then_to_elasticsearch.Create_table_in_postgres 2020-11-28T11:25:25.413361+00:00 [running]> 47.43.168.192.in-addr.arpa
[2020-11-28 16:55:48,661] {postgres_operator.py:62} INFO - Executing: CREATE TABLE sampletable(
            id integer PRIMARY KEY,
            description text,
            name text,
            id1 text,
            id2 text,
            department text
        )
        
[2020-11-28 16:55:48,670] {base_hook.py:89} INFO - Using connection to: id: postgres_default. Host: localhost, Port: None, Schema: testdb, Login: testuser, Password: XXXXXXXX, extra: None
[2020-11-28 16:55:48,676] {dbapi_hook.py:174} INFO - CREATE TABLE sampletable(
            id integer PRIMARY KEY,
            description text,
            name text,
            id1 text,
            id2 text,
            department text
        )
        
[2020-11-28 16:55:48,709] {taskinstance.py:1070} INFO - Marking task as SUCCESS.dag_id=Write_data_to_postgres_then_to_elasticsearch, task_id=Create_table_in_postgres, execution_date=20201128T112525, start_date=20201128T112548, end_date=20201128T112548
[2020-11-28 16:55:53,493] {local_task_job.py:102} INFO - Task exited with return code 0
