[2020-11-28 19:34:21,683] {taskinstance.py:670} INFO - Dependencies all met for <TaskInstance: Write_data_to_postgres_then_to_elasticsearch.Write_csv_data_to_db 2020-11-28T14:04:09.307062+00:00 [queued]>
[2020-11-28 19:34:21,714] {taskinstance.py:670} INFO - Dependencies all met for <TaskInstance: Write_data_to_postgres_then_to_elasticsearch.Write_csv_data_to_db 2020-11-28T14:04:09.307062+00:00 [queued]>
[2020-11-28 19:34:21,715] {taskinstance.py:880} INFO - 
--------------------------------------------------------------------------------
[2020-11-28 19:34:21,715] {taskinstance.py:881} INFO - Starting attempt 1 of 1
[2020-11-28 19:34:21,715] {taskinstance.py:882} INFO - 
--------------------------------------------------------------------------------
[2020-11-28 19:34:21,724] {taskinstance.py:901} INFO - Executing <Task(PythonOperator): Write_csv_data_to_db> on 2020-11-28T14:04:09.307062+00:00
[2020-11-28 19:34:21,726] {standard_task_runner.py:54} INFO - Started process 39112 to run task
[2020-11-28 19:34:21,749] {standard_task_runner.py:77} INFO - Running: ['airflow', 'run', 'Write_data_to_postgres_then_to_elasticsearch', 'Write_csv_data_to_db', '2020-11-28T14:04:09.307062+00:00', '--job_id', '470', '--pool', 'default_pool', '--raw', '-sd', 'DAGS_FOLDER/csv_pg_elasticsearch.py', '--cfg_path', '/var/folders/ff/pqhf5klx0msdsn3m1cnq4cxr0000gn/T/tmpgsni1q8a']
[2020-11-28 19:34:21,751] {standard_task_runner.py:78} INFO - Job 470: Subtask Write_csv_data_to_db
[2020-11-28 19:34:21,797] {logging_mixin.py:112} INFO - Running %s on host %s <TaskInstance: Write_data_to_postgres_then_to_elasticsearch.Write_csv_data_to_db 2020-11-28T14:04:09.307062+00:00 [running]> 47.43.168.192.in-addr.arpa
[2020-11-28 19:34:21,836] {taskinstance.py:1150} ERROR - [Errno 2] No such file or directory: 'sample1.csv'
Traceback (most recent call last):
  File "/Users/yudi/opt/anaconda3/envs/airflow/lib/python3.6/site-packages/airflow/models/taskinstance.py", line 984, in _run_raw_task
    result = task_copy.execute(context=context)
  File "/Users/yudi/opt/anaconda3/envs/airflow/lib/python3.6/site-packages/airflow/operators/python_operator.py", line 113, in execute
    return_value = self.execute_callable()
  File "/Users/yudi/opt/anaconda3/envs/airflow/lib/python3.6/site-packages/airflow/operators/python_operator.py", line 118, in execute_callable
    return self.python_callable(*self.op_args, **self.op_kwargs)
  File "/Users/yudi/airflow/dags/csv_pg_elasticsearch.py", line 63, in write_data
    with open("sample1.csv", "r",) as f:
FileNotFoundError: [Errno 2] No such file or directory: 'sample1.csv'
[2020-11-28 19:34:21,839] {taskinstance.py:1194} INFO - Marking task as FAILED. dag_id=Write_data_to_postgres_then_to_elasticsearch, task_id=Write_csv_data_to_db, execution_date=20201128T140409, start_date=20201128T140421, end_date=20201128T140421
[2020-11-28 19:34:26,679] {local_task_job.py:102} INFO - Task exited with return code 1
