[2020-11-26 14:54:47,436] {taskinstance.py:670} INFO - Dependencies all met for <TaskInstance: Write_data_to_PG.python_task 2020-11-26T09:24:43.766141+00:00 [queued]>
[2020-11-26 14:54:47,470] {taskinstance.py:670} INFO - Dependencies all met for <TaskInstance: Write_data_to_PG.python_task 2020-11-26T09:24:43.766141+00:00 [queued]>
[2020-11-26 14:54:47,470] {taskinstance.py:880} INFO - 
--------------------------------------------------------------------------------
[2020-11-26 14:54:47,470] {taskinstance.py:881} INFO - Starting attempt 1 of 1
[2020-11-26 14:54:47,470] {taskinstance.py:882} INFO - 
--------------------------------------------------------------------------------
[2020-11-26 14:54:47,506] {taskinstance.py:901} INFO - Executing <Task(PythonOperator): python_task> on 2020-11-26T09:24:43.766141+00:00
[2020-11-26 14:54:47,510] {standard_task_runner.py:54} INFO - Started process 26309 to run task
[2020-11-26 14:54:47,563] {standard_task_runner.py:77} INFO - Running: ['airflow', 'run', 'Write_data_to_PG', 'python_task', '2020-11-26T09:24:43.766141+00:00', '--job_id', '16', '--pool', 'default_pool', '--raw', '-sd', 'DAGS_FOLDER/sampledag.py', '--cfg_path', '/var/folders/ff/pqhf5klx0msdsn3m1cnq4cxr0000gn/T/tmpyg65azr6']
[2020-11-26 14:54:47,568] {standard_task_runner.py:78} INFO - Job 16: Subtask python_task
[2020-11-26 14:54:47,690] {logging_mixin.py:112} INFO - Running %s on host %s <TaskInstance: Write_data_to_PG.python_task 2020-11-26T09:24:43.766141+00:00 [running]> 47.43.168.192.in-addr.arpa
[2020-11-26 14:54:47,738] {logging_mixin.py:112} INFO - Creating table in database.
[2020-11-26 14:54:47,748] {logging_mixin.py:112} INFO - <connection object at 0x7f7fb098eeb8; dsn: 'host=localhost dbname=testdb user=testuser', closed: 0>
[2020-11-26 14:54:47,748] {logging_mixin.py:112} INFO - <cursor object at 0x7f7fb074f808; closed: 0>
[2020-11-26 14:54:47,757] {logging_mixin.py:112} INFO - <connection object at 0x7f7fb098eeb8; dsn: 'host=localhost dbname=testdb user=testuser', closed: 0>
[2020-11-26 14:54:47,757] {logging_mixin.py:112} INFO - DONE!!!!!!!!!!!.
[2020-11-26 14:54:47,758] {python_operator.py:114} INFO - Done. Returned value was: None
[2020-11-26 14:54:47,780] {taskinstance.py:1070} INFO - Marking task as SUCCESS.dag_id=Write_data_to_PG, task_id=python_task, execution_date=20201126T092443, start_date=20201126T092447, end_date=20201126T092447
[2020-11-26 14:54:52,416] {local_task_job.py:102} INFO - Task exited with return code 0
