[2020-11-26 17:20:35,456] {taskinstance.py:670} INFO - Dependencies all met for <TaskInstance: Write_data_to_PG.create_table 2020-11-26T11:47:47.183858+00:00 [queued]>
[2020-11-26 17:20:35,481] {taskinstance.py:670} INFO - Dependencies all met for <TaskInstance: Write_data_to_PG.create_table 2020-11-26T11:47:47.183858+00:00 [queued]>
[2020-11-26 17:20:35,482] {taskinstance.py:880} INFO - 
--------------------------------------------------------------------------------
[2020-11-26 17:20:35,482] {taskinstance.py:881} INFO - Starting attempt 1 of 1
[2020-11-26 17:20:35,482] {taskinstance.py:882} INFO - 
--------------------------------------------------------------------------------
[2020-11-26 17:20:35,488] {taskinstance.py:901} INFO - Executing <Task(PostgresOperator): create_table> on 2020-11-26T11:47:47.183858+00:00
[2020-11-26 17:20:35,490] {standard_task_runner.py:54} INFO - Started process 46781 to run task
[2020-11-26 17:20:35,512] {standard_task_runner.py:77} INFO - Running: ['airflow', 'run', 'Write_data_to_PG', 'create_table', '2020-11-26T11:47:47.183858+00:00', '--job_id', '39', '--pool', 'default_pool', '--raw', '-sd', 'DAGS_FOLDER/sampledag.py', '--cfg_path', '/var/folders/ff/pqhf5klx0msdsn3m1cnq4cxr0000gn/T/tmpyf51tuat']
[2020-11-26 17:20:35,514] {standard_task_runner.py:78} INFO - Job 39: Subtask create_table
[2020-11-26 17:20:35,564] {logging_mixin.py:112} INFO - Running %s on host %s <TaskInstance: Write_data_to_PG.create_table 2020-11-26T11:47:47.183858+00:00 [running]> 47.43.168.192.in-addr.arpa
[2020-11-26 17:20:35,590] {postgres_operator.py:62} INFO - Executing: CREATE TABLE users(
            id integer PRIMARY KEY,
            email text,
            name text,
            address text
        )
        
[2020-11-26 17:20:35,599] {base_hook.py:89} INFO - Using connection to: id: postgres_default. Host: localhost, Port: None, Schema: testdb, Login: testuser, Password: XXXXXXXX, extra: None
[2020-11-26 17:20:35,606] {dbapi_hook.py:174} INFO - CREATE TABLE users(
            id integer PRIMARY KEY,
            email text,
            name text,
            address text
        )
        
[2020-11-26 17:20:35,625] {taskinstance.py:1070} INFO - Marking task as SUCCESS.dag_id=Write_data_to_PG, task_id=create_table, execution_date=20201126T114747, start_date=20201126T115035, end_date=20201126T115035
[2020-11-26 17:20:40,448] {local_task_job.py:102} INFO - Task exited with return code 0
