[2020-11-26 14:55:03,742] {taskinstance.py:670} INFO - Dependencies all met for <TaskInstance: Write_data_to_PG.python_task 2020-11-26T09:20:00+00:00 [queued]>
[2020-11-26 14:55:03,773] {taskinstance.py:670} INFO - Dependencies all met for <TaskInstance: Write_data_to_PG.python_task 2020-11-26T09:20:00+00:00 [queued]>
[2020-11-26 14:55:03,773] {taskinstance.py:880} INFO - 
--------------------------------------------------------------------------------
[2020-11-26 14:55:03,773] {taskinstance.py:881} INFO - Starting attempt 1 of 1
[2020-11-26 14:55:03,773] {taskinstance.py:882} INFO - 
--------------------------------------------------------------------------------
[2020-11-26 14:55:03,796] {taskinstance.py:901} INFO - Executing <Task(PythonOperator): python_task> on 2020-11-26T09:20:00+00:00
[2020-11-26 14:55:03,800] {standard_task_runner.py:54} INFO - Started process 26402 to run task
[2020-11-26 14:55:03,843] {standard_task_runner.py:77} INFO - Running: ['airflow', 'run', 'Write_data_to_PG', 'python_task', '2020-11-26T09:20:00+00:00', '--job_id', '17', '--pool', 'default_pool', '--raw', '-sd', 'DAGS_FOLDER/sampledag.py', '--cfg_path', '/var/folders/ff/pqhf5klx0msdsn3m1cnq4cxr0000gn/T/tmpdyf1iwta']
[2020-11-26 14:55:03,847] {standard_task_runner.py:78} INFO - Job 17: Subtask python_task
[2020-11-26 14:55:03,941] {logging_mixin.py:112} INFO - Running %s on host %s <TaskInstance: Write_data_to_PG.python_task 2020-11-26T09:20:00+00:00 [running]> 47.43.168.192.in-addr.arpa
[2020-11-26 14:55:03,997] {logging_mixin.py:112} INFO - Creating table in database.
[2020-11-26 14:55:04,008] {logging_mixin.py:112} INFO - <connection object at 0x7fb0d129ceb8; dsn: 'host=localhost dbname=testdb user=testuser', closed: 0>
[2020-11-26 14:55:04,009] {logging_mixin.py:112} INFO - <cursor object at 0x7fb0d0f19808; closed: 0>
[2020-11-26 14:55:04,009] {taskinstance.py:1150} ERROR - [Errno 2] No such file or directory: 'test.csv'
Traceback (most recent call last):
  File "/Users/yudi/opt/anaconda3/envs/airflow/lib/python3.6/site-packages/airflow/models/taskinstance.py", line 984, in _run_raw_task
    result = task_copy.execute(context=context)
  File "/Users/yudi/opt/anaconda3/envs/airflow/lib/python3.6/site-packages/airflow/operators/python_operator.py", line 113, in execute
    return_value = self.execute_callable()
  File "/Users/yudi/opt/anaconda3/envs/airflow/lib/python3.6/site-packages/airflow/operators/python_operator.py", line 118, in execute_callable
    return self.python_callable(*self.op_args, **self.op_kwargs)
  File "/Users/yudi/airflow/dags/sampledag.py", line 38, in my_func
    with open('test.csv', 'r') as f:
FileNotFoundError: [Errno 2] No such file or directory: 'test.csv'
[2020-11-26 14:55:04,015] {taskinstance.py:1194} INFO - Marking task as FAILED. dag_id=Write_data_to_PG, task_id=python_task, execution_date=20201126T092000, start_date=20201126T092503, end_date=20201126T092504
[2020-11-26 14:55:08,723] {local_task_job.py:102} INFO - Task exited with return code 1
