[2020-11-28 18:09:57,193] {taskinstance.py:670} INFO - Dependencies all met for <TaskInstance: Write_data_to_postgres_then_to_elasticsearch.Write_csv_data_to_db 2020-11-28T12:39:47.001622+00:00 [queued]>
[2020-11-28 18:09:57,224] {taskinstance.py:670} INFO - Dependencies all met for <TaskInstance: Write_data_to_postgres_then_to_elasticsearch.Write_csv_data_to_db 2020-11-28T12:39:47.001622+00:00 [queued]>
[2020-11-28 18:09:57,224] {taskinstance.py:880} INFO - 
--------------------------------------------------------------------------------
[2020-11-28 18:09:57,224] {taskinstance.py:881} INFO - Starting attempt 1 of 1
[2020-11-28 18:09:57,224] {taskinstance.py:882} INFO - 
--------------------------------------------------------------------------------
[2020-11-28 18:09:57,241] {taskinstance.py:901} INFO - Executing <Task(PythonOperator): Write_csv_data_to_db> on 2020-11-28T12:39:47.001622+00:00
[2020-11-28 18:09:57,243] {standard_task_runner.py:54} INFO - Started process 15192 to run task
[2020-11-28 18:09:57,271] {standard_task_runner.py:77} INFO - Running: ['airflow', 'run', 'Write_data_to_postgres_then_to_elasticsearch', 'Write_csv_data_to_db', '2020-11-28T12:39:47.001622+00:00', '--job_id', '420', '--pool', 'default_pool', '--raw', '-sd', 'DAGS_FOLDER/csv_pg_elasticsearch.py', '--cfg_path', '/var/folders/ff/pqhf5klx0msdsn3m1cnq4cxr0000gn/T/tmpwr951y2k']
[2020-11-28 18:09:57,274] {standard_task_runner.py:78} INFO - Job 420: Subtask Write_csv_data_to_db
[2020-11-28 18:09:57,325] {logging_mixin.py:112} INFO - Running %s on host %s <TaskInstance: Write_data_to_postgres_then_to_elasticsearch.Write_csv_data_to_db 2020-11-28T12:39:47.001622+00:00 [running]> 47.43.168.192.in-addr.arpa
[2020-11-28 18:09:57,360] {taskinstance.py:1150} ERROR - 
Traceback (most recent call last):
  File "/Users/yudi/opt/anaconda3/envs/airflow/lib/python3.6/site-packages/airflow/models/taskinstance.py", line 984, in _run_raw_task
    result = task_copy.execute(context=context)
  File "/Users/yudi/opt/anaconda3/envs/airflow/lib/python3.6/site-packages/airflow/operators/python_operator.py", line 113, in execute
    return_value = self.execute_callable()
  File "/Users/yudi/opt/anaconda3/envs/airflow/lib/python3.6/site-packages/airflow/operators/python_operator.py", line 118, in execute_callable
    return self.python_callable(*self.op_args, **self.op_kwargs)
  File "/Users/yudi/airflow/dags/csv_pg_elasticsearch.py", line 65, in write_data
    next(f)
StopIteration
[2020-11-28 18:09:57,363] {taskinstance.py:1194} INFO - Marking task as FAILED. dag_id=Write_data_to_postgres_then_to_elasticsearch, task_id=Write_csv_data_to_db, execution_date=20201128T123947, start_date=20201128T123957, end_date=20201128T123957
[2020-11-28 18:10:02,209] {local_task_job.py:102} INFO - Task exited with return code 1
