[2020-11-26 17:10:17,781] {taskinstance.py:670} INFO - Dependencies all met for <TaskInstance: Write_data_to_PG.python_task 2020-11-26T11:35:00+00:00 [queued]>
[2020-11-26 17:10:17,810] {taskinstance.py:670} INFO - Dependencies all met for <TaskInstance: Write_data_to_PG.python_task 2020-11-26T11:35:00+00:00 [queued]>
[2020-11-26 17:10:17,811] {taskinstance.py:880} INFO - 
--------------------------------------------------------------------------------
[2020-11-26 17:10:17,811] {taskinstance.py:881} INFO - Starting attempt 1 of 1
[2020-11-26 17:10:17,811] {taskinstance.py:882} INFO - 
--------------------------------------------------------------------------------
[2020-11-26 17:10:17,824] {taskinstance.py:901} INFO - Executing <Task(PythonOperator): python_task> on 2020-11-26T11:35:00+00:00
[2020-11-26 17:10:17,826] {standard_task_runner.py:54} INFO - Started process 45825 to run task
[2020-11-26 17:10:17,849] {standard_task_runner.py:77} INFO - Running: ['airflow', 'run', 'Write_data_to_PG', 'python_task', '2020-11-26T11:35:00+00:00', '--job_id', '35', '--pool', 'default_pool', '--raw', '-sd', 'DAGS_FOLDER/sampledag.py', '--cfg_path', '/var/folders/ff/pqhf5klx0msdsn3m1cnq4cxr0000gn/T/tmp45qash1q']
[2020-11-26 17:10:17,851] {standard_task_runner.py:78} INFO - Job 35: Subtask python_task
[2020-11-26 17:10:17,898] {logging_mixin.py:112} INFO - Running %s on host %s <TaskInstance: Write_data_to_PG.python_task 2020-11-26T11:35:00+00:00 [running]> 47.43.168.192.in-addr.arpa
[2020-11-26 17:10:17,926] {logging_mixin.py:112} INFO - Creating table in database.
[2020-11-26 17:10:17,933] {logging_mixin.py:112} INFO - <connection object at 0x7fe61d96aeb8; dsn: 'host=localhost dbname=testdb user=testuser', closed: 0>
[2020-11-26 17:10:17,933] {logging_mixin.py:112} INFO - <cursor object at 0x7fe61d743808; closed: 0>
[2020-11-26 17:10:17,939] {logging_mixin.py:112} INFO - <connection object at 0x7fe61d96aeb8; dsn: 'host=localhost dbname=testdb user=testuser', closed: 0>
[2020-11-26 17:10:17,940] {logging_mixin.py:112} INFO - DONE!!!!!!!!!!!.
[2020-11-26 17:10:17,940] {python_operator.py:114} INFO - Done. Returned value was: None
[2020-11-26 17:10:17,951] {taskinstance.py:1070} INFO - Marking task as SUCCESS.dag_id=Write_data_to_PG, task_id=python_task, execution_date=20201126T113500, start_date=20201126T114017, end_date=20201126T114017
[2020-11-26 17:10:22,769] {local_task_job.py:102} INFO - Task exited with return code 0
