[2020-11-29 01:05:04,445] {taskinstance.py:670} INFO - Dependencies all met for <TaskInstance: Write_data_to_PG.create_table 2020-11-28T19:30:00+00:00 [queued]>
[2020-11-29 01:05:04,465] {taskinstance.py:670} INFO - Dependencies all met for <TaskInstance: Write_data_to_PG.create_table 2020-11-28T19:30:00+00:00 [queued]>
[2020-11-29 01:05:04,465] {taskinstance.py:880} INFO - 
--------------------------------------------------------------------------------
[2020-11-29 01:05:04,465] {taskinstance.py:881} INFO - Starting attempt 1 of 1
[2020-11-29 01:05:04,466] {taskinstance.py:882} INFO - 
--------------------------------------------------------------------------------
[2020-11-29 01:05:04,481] {taskinstance.py:901} INFO - Executing <Task(PostgresOperator): create_table> on 2020-11-28T19:30:00+00:00
[2020-11-29 01:05:04,483] {standard_task_runner.py:54} INFO - Started process 41622 to run task
[2020-11-29 01:05:04,509] {standard_task_runner.py:77} INFO - Running: ['airflow', 'run', 'Write_data_to_PG', 'create_table', '2020-11-28T19:30:00+00:00', '--job_id', '556', '--pool', 'default_pool', '--raw', '-sd', 'DAGS_FOLDER/FileSensorDemo.py', '--cfg_path', '/var/folders/ff/pqhf5klx0msdsn3m1cnq4cxr0000gn/T/tmpkr6rbi_x']
[2020-11-29 01:05:04,512] {standard_task_runner.py:78} INFO - Job 556: Subtask create_table
[2020-11-29 01:05:04,577] {logging_mixin.py:112} INFO - Running %s on host %s <TaskInstance: Write_data_to_PG.create_table 2020-11-28T19:30:00+00:00 [running]> 47.43.168.192.in-addr.arpa
[2020-11-29 01:05:04,612] {postgres_operator.py:62} INFO - Executing: CREATE TABLE sampletable(
            Date text,
            Open text,
            High text,
            Low text,
            Close text
        );
        
[2020-11-29 01:05:04,624] {base_hook.py:89} INFO - Using connection to: id: postgres_default. Host: localhost, Port: None, Schema: testdb, Login: testuser, Password: XXXXXXXX, extra: None
[2020-11-29 01:05:04,630] {dbapi_hook.py:174} INFO - CREATE TABLE sampletable(
            Date text,
            Open text,
            High text,
            Low text,
            Close text
        );
        
[2020-11-29 01:05:04,683] {taskinstance.py:1070} INFO - Marking task as SUCCESS.dag_id=Write_data_to_PG, task_id=create_table, execution_date=20201128T193000, start_date=20201128T193504, end_date=20201128T193504
[2020-11-29 01:05:09,428] {local_task_job.py:102} INFO - Task exited with return code 0
