[2020-11-26 12:46:32,524] {taskinstance.py:670} INFO - Dependencies all met for <TaskInstance: PostgresOperator_dag.create_table 2020-11-26T07:16:29.747258+00:00 [queued]>
[2020-11-26 12:46:32,541] {taskinstance.py:670} INFO - Dependencies all met for <TaskInstance: PostgresOperator_dag.create_table 2020-11-26T07:16:29.747258+00:00 [queued]>
[2020-11-26 12:46:32,541] {taskinstance.py:880} INFO - 
--------------------------------------------------------------------------------
[2020-11-26 12:46:32,541] {taskinstance.py:881} INFO - Starting attempt 1 of 1
[2020-11-26 12:46:32,541] {taskinstance.py:882} INFO - 
--------------------------------------------------------------------------------
[2020-11-26 12:46:32,553] {taskinstance.py:901} INFO - Executing <Task(PostgresOperator): create_table> on 2020-11-26T07:16:29.747258+00:00
[2020-11-26 12:46:32,555] {standard_task_runner.py:54} INFO - Started process 6719 to run task
[2020-11-26 12:46:32,575] {standard_task_runner.py:77} INFO - Running: ['airflow', 'run', 'PostgresOperator_dag', 'create_table', '2020-11-26T07:16:29.747258+00:00', '--job_id', '4', '--pool', 'default_pool', '--raw', '-sd', 'DAGS_FOLDER/sampledag.py', '--cfg_path', '/var/folders/ff/pqhf5klx0msdsn3m1cnq4cxr0000gn/T/tmpemiwij4t']
[2020-11-26 12:46:32,577] {standard_task_runner.py:78} INFO - Job 4: Subtask create_table
[2020-11-26 12:46:32,619] {logging_mixin.py:112} INFO - Running %s on host %s <TaskInstance: PostgresOperator_dag.create_table 2020-11-26T07:16:29.747258+00:00 [running]> 47.43.168.192.in-addr.arpa
[2020-11-26 12:46:32,648] {postgres_operator.py:62} INFO - Executing: CREATE TABLE new_table(
            custom_id integer NOT NULL, timestamp TIMESTAMP NOT NULL, user_id VARCHAR (50) NOT NULL
            );
[2020-11-26 12:46:32,657] {base_hook.py:89} INFO - Using connection to: id: postgres_default. Host: localhost, Port: 5432, Schema: testdb, Login: testuser, Password: XXXXXXXX, extra: None
[2020-11-26 12:46:32,663] {dbapi_hook.py:174} INFO - CREATE TABLE new_table(
            custom_id integer NOT NULL, timestamp TIMESTAMP NOT NULL, user_id VARCHAR (50) NOT NULL
            );
[2020-11-26 12:46:32,689] {taskinstance.py:1070} INFO - Marking task as SUCCESS.dag_id=PostgresOperator_dag, task_id=create_table, execution_date=20201126T071629, start_date=20201126T071632, end_date=20201126T071632
[2020-11-26 12:46:37,513] {local_task_job.py:102} INFO - Task exited with return code 0
