[2020-11-26 17:12:28,182] {taskinstance.py:670} INFO - Dependencies all met for <TaskInstance: Write_data_to_PG.create_table 2020-11-26T11:42:24.955420+00:00 [queued]>
[2020-11-26 17:12:28,200] {taskinstance.py:670} INFO - Dependencies all met for <TaskInstance: Write_data_to_PG.create_table 2020-11-26T11:42:24.955420+00:00 [queued]>
[2020-11-26 17:12:28,200] {taskinstance.py:880} INFO - 
--------------------------------------------------------------------------------
[2020-11-26 17:12:28,200] {taskinstance.py:881} INFO - Starting attempt 1 of 1
[2020-11-26 17:12:28,200] {taskinstance.py:882} INFO - 
--------------------------------------------------------------------------------
[2020-11-26 17:12:28,213] {taskinstance.py:901} INFO - Executing <Task(PostgresOperator): create_table> on 2020-11-26T11:42:24.955420+00:00
[2020-11-26 17:12:28,215] {standard_task_runner.py:54} INFO - Started process 46164 to run task
[2020-11-26 17:12:28,235] {standard_task_runner.py:77} INFO - Running: ['airflow', 'run', 'Write_data_to_PG', 'create_table', '2020-11-26T11:42:24.955420+00:00', '--job_id', '36', '--pool', 'default_pool', '--raw', '-sd', 'DAGS_FOLDER/sampledag.py', '--cfg_path', '/var/folders/ff/pqhf5klx0msdsn3m1cnq4cxr0000gn/T/tmp3ijlmfp3']
[2020-11-26 17:12:28,237] {standard_task_runner.py:78} INFO - Job 36: Subtask create_table
[2020-11-26 17:12:28,285] {logging_mixin.py:112} INFO - Running %s on host %s <TaskInstance: Write_data_to_PG.create_table 2020-11-26T11:42:24.955420+00:00 [running]> 47.43.168.192.in-addr.arpa
[2020-11-26 17:12:28,313] {postgres_operator.py:62} INFO - Executing: CREATE TABLE users(
            id integer PRIMARY KEY,
            email text,
            name text,
            address text
        )
        
[2020-11-26 17:12:28,323] {base_hook.py:89} INFO - Using connection to: id: postgres_default. Host: localhost, Port: None, Schema: testdb, Login: testuser, Password: XXXXXXXX, extra: None
[2020-11-26 17:12:28,330] {dbapi_hook.py:174} INFO - CREATE TABLE users(
            id integer PRIMARY KEY,
            email text,
            name text,
            address text
        )
        
[2020-11-26 17:12:28,349] {taskinstance.py:1070} INFO - Marking task as SUCCESS.dag_id=Write_data_to_PG, task_id=create_table, execution_date=20201126T114224, start_date=20201126T114228, end_date=20201126T114228
[2020-11-26 17:12:33,184] {local_task_job.py:102} INFO - Task exited with return code 0
