[2020-11-28 18:54:21,271] {taskinstance.py:670} INFO - Dependencies all met for <TaskInstance: Write_data_to_postgres_then_to_elasticsearch.Write_csv_data_to_db 2020-11-28T13:24:10.459425+00:00 [queued]>
[2020-11-28 18:54:21,295] {taskinstance.py:670} INFO - Dependencies all met for <TaskInstance: Write_data_to_postgres_then_to_elasticsearch.Write_csv_data_to_db 2020-11-28T13:24:10.459425+00:00 [queued]>
[2020-11-28 18:54:21,295] {taskinstance.py:880} INFO - 
--------------------------------------------------------------------------------
[2020-11-28 18:54:21,295] {taskinstance.py:881} INFO - Starting attempt 1 of 1
[2020-11-28 18:54:21,295] {taskinstance.py:882} INFO - 
--------------------------------------------------------------------------------
[2020-11-28 18:54:21,307] {taskinstance.py:901} INFO - Executing <Task(PythonOperator): Write_csv_data_to_db> on 2020-11-28T13:24:10.459425+00:00
[2020-11-28 18:54:21,309] {standard_task_runner.py:54} INFO - Started process 26977 to run task
[2020-11-28 18:54:21,333] {standard_task_runner.py:77} INFO - Running: ['airflow', 'run', 'Write_data_to_postgres_then_to_elasticsearch', 'Write_csv_data_to_db', '2020-11-28T13:24:10.459425+00:00', '--job_id', '437', '--pool', 'default_pool', '--raw', '-sd', 'DAGS_FOLDER/csv_pg_elasticsearch.py', '--cfg_path', '/var/folders/ff/pqhf5klx0msdsn3m1cnq4cxr0000gn/T/tmpmrgw8k0t']
[2020-11-28 18:54:21,335] {standard_task_runner.py:78} INFO - Job 437: Subtask Write_csv_data_to_db
[2020-11-28 18:54:21,383] {logging_mixin.py:112} INFO - Running %s on host %s <TaskInstance: Write_data_to_postgres_then_to_elasticsearch.Write_csv_data_to_db 2020-11-28T13:24:10.459425+00:00 [running]> 47.43.168.192.in-addr.arpa
[2020-11-28 18:54:21,432] {taskinstance.py:1150} ERROR - extra data after last expected column
CONTEXT:  COPY sampletable, line 1: "2,"1.7 Cubic Foot Compact ""Cube"" Office Refrigerators",Barry French,293,457.81,208.16,68.02,Nunavu..."
Traceback (most recent call last):
  File "/Users/yudi/opt/anaconda3/envs/airflow/lib/python3.6/site-packages/airflow/models/taskinstance.py", line 984, in _run_raw_task
    result = task_copy.execute(context=context)
  File "/Users/yudi/opt/anaconda3/envs/airflow/lib/python3.6/site-packages/airflow/operators/python_operator.py", line 113, in execute
    return_value = self.execute_callable()
  File "/Users/yudi/opt/anaconda3/envs/airflow/lib/python3.6/site-packages/airflow/operators/python_operator.py", line 118, in execute_callable
    return self.python_callable(*self.op_args, **self.op_kwargs)
  File "/Users/yudi/airflow/dags/csv_pg_elasticsearch.py", line 66, in write_data
    cur.copy_from(f, "sampletable", sep=",")
psycopg2.errors.BadCopyFileFormat: extra data after last expected column
CONTEXT:  COPY sampletable, line 1: "2,"1.7 Cubic Foot Compact ""Cube"" Office Refrigerators",Barry French,293,457.81,208.16,68.02,Nunavu..."

[2020-11-28 18:54:21,436] {taskinstance.py:1194} INFO - Marking task as FAILED. dag_id=Write_data_to_postgres_then_to_elasticsearch, task_id=Write_csv_data_to_db, execution_date=20201128T132410, start_date=20201128T132421, end_date=20201128T132421
[2020-11-28 18:54:26,266] {local_task_job.py:102} INFO - Task exited with return code 1
