[2020-11-26 14:58:13,573] {taskinstance.py:670} INFO - Dependencies all met for <TaskInstance: Write_data_to_PG.create_table 2020-11-26T09:28:08.377527+00:00 [queued]>
[2020-11-26 14:58:13,604] {taskinstance.py:670} INFO - Dependencies all met for <TaskInstance: Write_data_to_PG.create_table 2020-11-26T09:28:08.377527+00:00 [queued]>
[2020-11-26 14:58:13,604] {taskinstance.py:880} INFO - 
--------------------------------------------------------------------------------
[2020-11-26 14:58:13,604] {taskinstance.py:881} INFO - Starting attempt 1 of 1
[2020-11-26 14:58:13,604] {taskinstance.py:882} INFO - 
--------------------------------------------------------------------------------
[2020-11-26 14:58:13,625] {taskinstance.py:901} INFO - Executing <Task(PostgresOperator): create_table> on 2020-11-26T09:28:08.377527+00:00
[2020-11-26 14:58:13,629] {standard_task_runner.py:54} INFO - Started process 27071 to run task
[2020-11-26 14:58:13,666] {standard_task_runner.py:77} INFO - Running: ['airflow', 'run', 'Write_data_to_PG', 'create_table', '2020-11-26T09:28:08.377527+00:00', '--job_id', '4', '--pool', 'default_pool', '--raw', '-sd', 'DAGS_FOLDER/sampledag.py', '--cfg_path', '/var/folders/ff/pqhf5klx0msdsn3m1cnq4cxr0000gn/T/tmp95kzytyd']
[2020-11-26 14:58:13,671] {standard_task_runner.py:78} INFO - Job 4: Subtask create_table
[2020-11-26 14:58:13,753] {logging_mixin.py:112} INFO - Running %s on host %s <TaskInstance: Write_data_to_PG.create_table 2020-11-26T09:28:08.377527+00:00 [running]> 47.43.168.192.in-addr.arpa
[2020-11-26 14:58:13,803] {postgres_operator.py:62} INFO - Executing: CREATE TABLE users(
            id integer PRIMARY KEY,
            email text,
            name text,
            address text
        )
        
[2020-11-26 14:58:13,819] {base_hook.py:89} INFO - Using connection to: id: postgres_default. Host: localhost, Port: None, Schema: testdb, Login: testuser, Password: XXXXXXXX, extra: None
[2020-11-26 14:58:13,829] {dbapi_hook.py:174} INFO - CREATE TABLE users(
            id integer PRIMARY KEY,
            email text,
            name text,
            address text
        )
        
[2020-11-26 14:58:13,862] {taskinstance.py:1070} INFO - Marking task as SUCCESS.dag_id=Write_data_to_PG, task_id=create_table, execution_date=20201126T092808, start_date=20201126T092813, end_date=20201126T092813
[2020-11-26 14:58:18,557] {local_task_job.py:102} INFO - Task exited with return code 0
