[2020-11-28 19:43:00,369] {taskinstance.py:670} INFO - Dependencies all met for <TaskInstance: Write_data_to_PG.populate_data 2020-11-28T14:12:41.163474+00:00 [queued]>
[2020-11-28 19:43:00,418] {taskinstance.py:670} INFO - Dependencies all met for <TaskInstance: Write_data_to_PG.populate_data 2020-11-28T14:12:41.163474+00:00 [queued]>
[2020-11-28 19:43:00,418] {taskinstance.py:880} INFO - 
--------------------------------------------------------------------------------
[2020-11-28 19:43:00,418] {taskinstance.py:881} INFO - Starting attempt 1 of 1
[2020-11-28 19:43:00,418] {taskinstance.py:882} INFO - 
--------------------------------------------------------------------------------
[2020-11-28 19:43:00,432] {taskinstance.py:901} INFO - Executing <Task(PythonOperator): populate_data> on 2020-11-28T14:12:41.163474+00:00
[2020-11-28 19:43:00,434] {standard_task_runner.py:54} INFO - Started process 41210 to run task
[2020-11-28 19:43:00,458] {standard_task_runner.py:77} INFO - Running: ['airflow', 'run', 'Write_data_to_PG', 'populate_data', '2020-11-28T14:12:41.163474+00:00', '--job_id', '484', '--pool', 'default_pool', '--raw', '-sd', 'DAGS_FOLDER/FileSensorDemo.py', '--cfg_path', '/var/folders/ff/pqhf5klx0msdsn3m1cnq4cxr0000gn/T/tmpzvqtuwp_']
[2020-11-28 19:43:00,460] {standard_task_runner.py:78} INFO - Job 484: Subtask populate_data
[2020-11-28 19:43:00,509] {logging_mixin.py:112} INFO - Running %s on host %s <TaskInstance: Write_data_to_PG.populate_data 2020-11-28T14:12:41.163474+00:00 [running]> 47.43.168.192.in-addr.arpa
[2020-11-28 19:43:00,535] {logging_mixin.py:112} INFO - Creating table in database.
[2020-11-28 19:43:00,546] {logging_mixin.py:112} INFO - <connection object at 0x7f8a8d990eb8; dsn: 'host=localhost dbname=testdb user=testuser', closed: 0>
[2020-11-28 19:43:00,546] {logging_mixin.py:112} INFO - <cursor object at 0x7f8a8d73b900; closed: 0>
[2020-11-28 19:43:00,556] {logging_mixin.py:112} INFO - <connection object at 0x7f8a8d990eb8; dsn: 'host=localhost dbname=testdb user=testuser', closed: 0>
[2020-11-28 19:43:00,556] {logging_mixin.py:112} INFO - DONE!!!!!!!!!!!.
[2020-11-28 19:43:00,557] {python_operator.py:114} INFO - Done. Returned value was: None
[2020-11-28 19:43:00,569] {taskinstance.py:1070} INFO - Marking task as SUCCESS.dag_id=Write_data_to_PG, task_id=populate_data, execution_date=20201128T141241, start_date=20201128T141300, end_date=20201128T141300
[2020-11-28 19:43:05,370] {local_task_job.py:102} INFO - Task exited with return code 0
