[2020-11-26 14:49:49,998] {taskinstance.py:670} INFO - Dependencies all met for <TaskInstance: Write_data_to_PG.python_task 2020-11-26T09:19:47.329204+00:00 [queued]>
[2020-11-26 14:49:50,026] {taskinstance.py:670} INFO - Dependencies all met for <TaskInstance: Write_data_to_PG.python_task 2020-11-26T09:19:47.329204+00:00 [queued]>
[2020-11-26 14:49:50,026] {taskinstance.py:880} INFO - 
--------------------------------------------------------------------------------
[2020-11-26 14:49:50,026] {taskinstance.py:881} INFO - Starting attempt 1 of 1
[2020-11-26 14:49:50,026] {taskinstance.py:882} INFO - 
--------------------------------------------------------------------------------
[2020-11-26 14:49:50,033] {taskinstance.py:901} INFO - Executing <Task(PythonOperator): python_task> on 2020-11-26T09:19:47.329204+00:00
[2020-11-26 14:49:50,035] {standard_task_runner.py:54} INFO - Started process 24975 to run task
[2020-11-26 14:49:50,069] {standard_task_runner.py:77} INFO - Running: ['airflow', 'run', 'Write_data_to_PG', 'python_task', '2020-11-26T09:19:47.329204+00:00', '--job_id', '13', '--pool', 'default_pool', '--raw', '-sd', 'DAGS_FOLDER/sampledag.py', '--cfg_path', '/var/folders/ff/pqhf5klx0msdsn3m1cnq4cxr0000gn/T/tmpjy8ures2']
[2020-11-26 14:49:50,073] {standard_task_runner.py:78} INFO - Job 13: Subtask python_task
[2020-11-26 14:49:50,122] {logging_mixin.py:112} INFO - Running %s on host %s <TaskInstance: Write_data_to_PG.python_task 2020-11-26T09:19:47.329204+00:00 [running]> 47.43.168.192.in-addr.arpa
[2020-11-26 14:49:50,149] {logging_mixin.py:112} INFO - Creating table in database.
[2020-11-26 14:49:50,156] {logging_mixin.py:112} INFO - <connection object at 0x7f94cd147eb8; dsn: 'host=localhost dbname=testdb user=testuser', closed: 0>
[2020-11-26 14:49:50,156] {logging_mixin.py:112} INFO - <cursor object at 0x7f94ccf03618; closed: 0>
[2020-11-26 14:49:50,157] {taskinstance.py:1150} ERROR - list index out of range
Traceback (most recent call last):
  File "/Users/yudi/opt/anaconda3/envs/airflow/lib/python3.6/site-packages/airflow/models/taskinstance.py", line 984, in _run_raw_task
    result = task_copy.execute(context=context)
  File "/Users/yudi/opt/anaconda3/envs/airflow/lib/python3.6/site-packages/airflow/operators/python_operator.py", line 113, in execute
    return_value = self.execute_callable()
  File "/Users/yudi/opt/anaconda3/envs/airflow/lib/python3.6/site-packages/airflow/operators/python_operator.py", line 118, in execute_callable
    return self.python_callable(*self.op_args, **self.op_kwargs)
  File "/Users/yudi/airflow/dags/sampledag.py", line 44, in my_func
    row
IndexError: list index out of range
[2020-11-26 14:49:50,160] {taskinstance.py:1194} INFO - Marking task as FAILED. dag_id=Write_data_to_PG, task_id=python_task, execution_date=20201126T091947, start_date=20201126T091949, end_date=20201126T091950
[2020-11-26 14:49:54,993] {local_task_job.py:102} INFO - Task exited with return code 1
