[2020-11-28 19:32:50,251] {taskinstance.py:670} INFO - Dependencies all met for <TaskInstance: Write_data_to_PG.sense_the_csv 2020-11-28T14:02:38.529108+00:00 [queued]>
[2020-11-28 19:32:50,284] {taskinstance.py:670} INFO - Dependencies all met for <TaskInstance: Write_data_to_PG.sense_the_csv 2020-11-28T14:02:38.529108+00:00 [queued]>
[2020-11-28 19:32:50,284] {taskinstance.py:880} INFO - 
--------------------------------------------------------------------------------
[2020-11-28 19:32:50,284] {taskinstance.py:881} INFO - Starting attempt 1 of 1
[2020-11-28 19:32:50,284] {taskinstance.py:882} INFO - 
--------------------------------------------------------------------------------
[2020-11-28 19:32:50,291] {taskinstance.py:901} INFO - Executing <Task(FileSensor): sense_the_csv> on 2020-11-28T14:02:38.529108+00:00
[2020-11-28 19:32:50,293] {standard_task_runner.py:54} INFO - Started process 38712 to run task
[2020-11-28 19:32:50,317] {standard_task_runner.py:77} INFO - Running: ['airflow', 'run', 'Write_data_to_PG', 'sense_the_csv', '2020-11-28T14:02:38.529108+00:00', '--job_id', '467', '--pool', 'default_pool', '--raw', '-sd', 'DAGS_FOLDER/FileSensorDemo.py', '--cfg_path', '/var/folders/ff/pqhf5klx0msdsn3m1cnq4cxr0000gn/T/tmpkggztz24']
[2020-11-28 19:32:50,320] {standard_task_runner.py:78} INFO - Job 467: Subtask sense_the_csv
[2020-11-28 19:32:50,365] {logging_mixin.py:112} INFO - Running %s on host %s <TaskInstance: Write_data_to_PG.sense_the_csv 2020-11-28T14:02:38.529108+00:00 [running]> 47.43.168.192.in-addr.arpa
[2020-11-28 19:32:50,407] {file_sensor.py:60} INFO - Poking for file Users/yudi/airflow/test.csv
[2020-11-28 19:33:00,417] {file_sensor.py:60} INFO - Poking for file Users/yudi/airflow/test.csv
[2020-11-28 19:33:10,434] {file_sensor.py:60} INFO - Poking for file Users/yudi/airflow/test.csv
[2020-11-28 19:33:20,448] {file_sensor.py:60} INFO - Poking for file Users/yudi/airflow/test.csv
[2020-11-28 19:33:30,463] {file_sensor.py:60} INFO - Poking for file Users/yudi/airflow/test.csv
[2020-11-28 19:33:40,481] {file_sensor.py:60} INFO - Poking for file Users/yudi/airflow/test.csv
[2020-11-28 19:33:50,497] {file_sensor.py:60} INFO - Poking for file Users/yudi/airflow/test.csv
[2020-11-28 19:34:00,513] {file_sensor.py:60} INFO - Poking for file Users/yudi/airflow/test.csv
[2020-11-28 19:34:10,527] {file_sensor.py:60} INFO - Poking for file Users/yudi/airflow/test.csv
[2020-11-28 19:34:20,538] {file_sensor.py:60} INFO - Poking for file Users/yudi/airflow/test.csv
[2020-11-28 19:34:30,548] {file_sensor.py:60} INFO - Poking for file Users/yudi/airflow/test.csv
[2020-11-28 19:34:40,561] {file_sensor.py:60} INFO - Poking for file Users/yudi/airflow/test.csv
[2020-11-28 19:34:50,576] {file_sensor.py:60} INFO - Poking for file Users/yudi/airflow/test.csv
[2020-11-28 19:35:00,588] {file_sensor.py:60} INFO - Poking for file Users/yudi/airflow/test.csv
[2020-11-28 19:35:10,605] {file_sensor.py:60} INFO - Poking for file Users/yudi/airflow/test.csv
[2020-11-28 19:35:20,615] {file_sensor.py:60} INFO - Poking for file Users/yudi/airflow/test.csv
[2020-11-28 19:35:30,625] {file_sensor.py:60} INFO - Poking for file Users/yudi/airflow/test.csv
[2020-11-28 19:35:40,635] {file_sensor.py:60} INFO - Poking for file Users/yudi/airflow/test.csv
[2020-11-28 19:35:50,644] {file_sensor.py:60} INFO - Poking for file Users/yudi/airflow/test.csv
[2020-11-28 19:36:00,659] {file_sensor.py:60} INFO - Poking for file Users/yudi/airflow/test.csv
[2020-11-28 19:36:10,677] {file_sensor.py:60} INFO - Poking for file Users/yudi/airflow/test.csv
[2020-11-28 19:36:20,687] {file_sensor.py:60} INFO - Poking for file Users/yudi/airflow/test.csv
[2020-11-28 19:36:30,698] {file_sensor.py:60} INFO - Poking for file Users/yudi/airflow/test.csv
[2020-11-28 19:36:40,710] {file_sensor.py:60} INFO - Poking for file Users/yudi/airflow/test.csv
[2020-11-28 19:36:50,721] {file_sensor.py:60} INFO - Poking for file Users/yudi/airflow/test.csv
[2020-11-28 19:37:00,733] {file_sensor.py:60} INFO - Poking for file Users/yudi/airflow/test.csv
[2020-11-28 19:37:10,744] {file_sensor.py:60} INFO - Poking for file Users/yudi/airflow/test.csv
[2020-11-28 19:37:20,753] {file_sensor.py:60} INFO - Poking for file Users/yudi/airflow/test.csv
[2020-11-28 19:37:30,764] {file_sensor.py:60} INFO - Poking for file Users/yudi/airflow/test.csv
[2020-11-28 19:37:40,776] {file_sensor.py:60} INFO - Poking for file Users/yudi/airflow/test.csv
[2020-11-28 19:37:50,792] {file_sensor.py:60} INFO - Poking for file Users/yudi/airflow/test.csv
[2020-11-28 19:38:00,809] {file_sensor.py:60} INFO - Poking for file Users/yudi/airflow/test.csv
[2020-11-28 19:38:10,828] {file_sensor.py:60} INFO - Poking for file Users/yudi/airflow/test.csv
[2020-11-28 19:38:20,844] {file_sensor.py:60} INFO - Poking for file Users/yudi/airflow/test.csv
[2020-11-28 19:38:30,867] {file_sensor.py:60} INFO - Poking for file Users/yudi/airflow/test.csv
[2020-11-28 19:38:40,880] {file_sensor.py:60} INFO - Poking for file Users/yudi/airflow/test.csv
[2020-11-28 19:38:50,891] {file_sensor.py:60} INFO - Poking for file /Users/yudi/airflow/test.csv
[2020-11-28 19:38:50,892] {base_sensor_operator.py:123} INFO - Success criteria met. Exiting.
[2020-11-28 19:38:50,906] {taskinstance.py:1070} INFO - Marking task as SUCCESS.dag_id=Write_data_to_PG, task_id=sense_the_csv, execution_date=20201128T140238, start_date=20201128T140250, end_date=20201128T140850
