[2020-11-26 14:35:45,480] {taskinstance.py:670} INFO - Dependencies all met for <TaskInstance: Write_data_to_PG.create_table 2020-11-26T09:05:43.768724+00:00 [queued]>
[2020-11-26 14:35:45,497] {taskinstance.py:670} INFO - Dependencies all met for <TaskInstance: Write_data_to_PG.create_table 2020-11-26T09:05:43.768724+00:00 [queued]>
[2020-11-26 14:35:45,498] {taskinstance.py:880} INFO - 
--------------------------------------------------------------------------------
[2020-11-26 14:35:45,498] {taskinstance.py:881} INFO - Starting attempt 1 of 1
[2020-11-26 14:35:45,498] {taskinstance.py:882} INFO - 
--------------------------------------------------------------------------------
[2020-11-26 14:35:45,510] {taskinstance.py:901} INFO - Executing <Task(PostgresOperator): create_table> on 2020-11-26T09:05:43.768724+00:00
[2020-11-26 14:35:45,512] {standard_task_runner.py:54} INFO - Started process 21758 to run task
[2020-11-26 14:35:45,532] {standard_task_runner.py:77} INFO - Running: ['airflow', 'run', 'Write_data_to_PG', 'create_table', '2020-11-26T09:05:43.768724+00:00', '--job_id', '4', '--pool', 'default_pool', '--raw', '-sd', 'DAGS_FOLDER/sampledag.py', '--cfg_path', '/var/folders/ff/pqhf5klx0msdsn3m1cnq4cxr0000gn/T/tmpy8vpoz1v']
[2020-11-26 14:35:45,534] {standard_task_runner.py:78} INFO - Job 4: Subtask create_table
[2020-11-26 14:35:45,580] {logging_mixin.py:112} INFO - Running %s on host %s <TaskInstance: Write_data_to_PG.create_table 2020-11-26T09:05:43.768724+00:00 [running]> 47.43.168.192.in-addr.arpa
[2020-11-26 14:35:45,606] {postgres_operator.py:62} INFO - Executing: CREATE TABLE users(
            id integer PRIMARY KEY,
            email text,
            name text,
            address text
        )
        
[2020-11-26 14:35:45,615] {base_hook.py:89} INFO - Using connection to: id: postgres_default. Host: localhost, Port: 5432, Schema: testdb, Login: testuser, Password: XXXXXXXX, extra: None
[2020-11-26 14:35:45,620] {dbapi_hook.py:174} INFO - CREATE TABLE users(
            id integer PRIMARY KEY,
            email text,
            name text,
            address text
        )
        
[2020-11-26 14:35:45,639] {taskinstance.py:1070} INFO - Marking task as SUCCESS.dag_id=Write_data_to_PG, task_id=create_table, execution_date=20201126T090543, start_date=20201126T090545, end_date=20201126T090545
[2020-11-26 14:35:50,481] {local_task_job.py:102} INFO - Task exited with return code 0
