[2020-11-28 18:55:03,781] {taskinstance.py:670} INFO - Dependencies all met for <TaskInstance: Write_data_to_PG.create_table 2020-11-28T13:20:00+00:00 [queued]>
[2020-11-28 18:55:03,799] {taskinstance.py:670} INFO - Dependencies all met for <TaskInstance: Write_data_to_PG.create_table 2020-11-28T13:20:00+00:00 [queued]>
[2020-11-28 18:55:03,799] {taskinstance.py:880} INFO - 
--------------------------------------------------------------------------------
[2020-11-28 18:55:03,799] {taskinstance.py:881} INFO - Starting attempt 1 of 1
[2020-11-28 18:55:03,799] {taskinstance.py:882} INFO - 
--------------------------------------------------------------------------------
[2020-11-28 18:55:03,812] {taskinstance.py:901} INFO - Executing <Task(PostgresOperator): create_table> on 2020-11-28T13:20:00+00:00
[2020-11-28 18:55:03,815] {standard_task_runner.py:54} INFO - Started process 27187 to run task
[2020-11-28 18:55:03,837] {standard_task_runner.py:77} INFO - Running: ['airflow', 'run', 'Write_data_to_PG', 'create_table', '2020-11-28T13:20:00+00:00', '--job_id', '438', '--pool', 'default_pool', '--raw', '-sd', 'DAGS_FOLDER/FileSensorDemo.py', '--cfg_path', '/var/folders/ff/pqhf5klx0msdsn3m1cnq4cxr0000gn/T/tmpova9u7fj']
[2020-11-28 18:55:03,839] {standard_task_runner.py:78} INFO - Job 438: Subtask create_table
[2020-11-28 18:55:03,891] {logging_mixin.py:112} INFO - Running %s on host %s <TaskInstance: Write_data_to_PG.create_table 2020-11-28T13:20:00+00:00 [running]> 47.43.168.192.in-addr.arpa
[2020-11-28 18:55:03,923] {postgres_operator.py:62} INFO - Executing: CREATE TABLE users(
            id integer PRIMARY KEY,
            email text,
            name text,
            address text
        )
        
[2020-11-28 18:55:03,932] {base_hook.py:89} INFO - Using connection to: id: postgres_default. Host: localhost, Port: None, Schema: testdb, Login: testuser, Password: XXXXXXXX, extra: None
[2020-11-28 18:55:03,946] {dbapi_hook.py:174} INFO - CREATE TABLE users(
            id integer PRIMARY KEY,
            email text,
            name text,
            address text
        )
        
[2020-11-28 18:55:03,949] {taskinstance.py:1150} ERROR - relation "users" already exists
Traceback (most recent call last):
  File "/Users/yudi/opt/anaconda3/envs/airflow/lib/python3.6/site-packages/airflow/models/taskinstance.py", line 984, in _run_raw_task
    result = task_copy.execute(context=context)
  File "/Users/yudi/opt/anaconda3/envs/airflow/lib/python3.6/site-packages/airflow/operators/postgres_operator.py", line 65, in execute
    self.hook.run(self.sql, self.autocommit, parameters=self.parameters)
  File "/Users/yudi/opt/anaconda3/envs/airflow/lib/python3.6/site-packages/airflow/hooks/dbapi_hook.py", line 175, in run
    cur.execute(s)
psycopg2.errors.DuplicateTable: relation "users" already exists

[2020-11-28 18:55:03,955] {taskinstance.py:1194} INFO - Marking task as FAILED. dag_id=Write_data_to_PG, task_id=create_table, execution_date=20201128T132000, start_date=20201128T132503, end_date=20201128T132503
[2020-11-28 18:55:08,784] {local_task_job.py:102} INFO - Task exited with return code 1
