[2020-11-28 19:32:42,588] {taskinstance.py:670} INFO - Dependencies all met for <TaskInstance: Write_data_to_PG.create_table 2020-11-28T14:02:38.529108+00:00 [queued]>
[2020-11-28 19:32:42,613] {taskinstance.py:670} INFO - Dependencies all met for <TaskInstance: Write_data_to_PG.create_table 2020-11-28T14:02:38.529108+00:00 [queued]>
[2020-11-28 19:32:42,613] {taskinstance.py:880} INFO - 
--------------------------------------------------------------------------------
[2020-11-28 19:32:42,613] {taskinstance.py:881} INFO - Starting attempt 1 of 1
[2020-11-28 19:32:42,613] {taskinstance.py:882} INFO - 
--------------------------------------------------------------------------------
[2020-11-28 19:32:42,630] {taskinstance.py:901} INFO - Executing <Task(PostgresOperator): create_table> on 2020-11-28T14:02:38.529108+00:00
[2020-11-28 19:32:42,633] {standard_task_runner.py:54} INFO - Started process 38651 to run task
[2020-11-28 19:32:42,665] {standard_task_runner.py:77} INFO - Running: ['airflow', 'run', 'Write_data_to_PG', 'create_table', '2020-11-28T14:02:38.529108+00:00', '--job_id', '466', '--pool', 'default_pool', '--raw', '-sd', 'DAGS_FOLDER/FileSensorDemo.py', '--cfg_path', '/var/folders/ff/pqhf5klx0msdsn3m1cnq4cxr0000gn/T/tmpalms4ni7']
[2020-11-28 19:32:42,667] {standard_task_runner.py:78} INFO - Job 466: Subtask create_table
[2020-11-28 19:32:42,719] {logging_mixin.py:112} INFO - Running %s on host %s <TaskInstance: Write_data_to_PG.create_table 2020-11-28T14:02:38.529108+00:00 [running]> 47.43.168.192.in-addr.arpa
[2020-11-28 19:32:42,759] {postgres_operator.py:62} INFO - Executing: CREATE TABLE sampletable(
            Date text,
            Open text,
            High text,
            Low text,
            Close text
        );
        
[2020-11-28 19:32:42,770] {base_hook.py:89} INFO - Using connection to: id: postgres_default. Host: localhost, Port: None, Schema: testdb, Login: testuser, Password: XXXXXXXX, extra: None
[2020-11-28 19:32:42,778] {dbapi_hook.py:174} INFO - CREATE TABLE sampletable(
            Date text,
            Open text,
            High text,
            Low text,
            Close text
        );
        
[2020-11-28 19:32:42,806] {taskinstance.py:1070} INFO - Marking task as SUCCESS.dag_id=Write_data_to_PG, task_id=create_table, execution_date=20201128T140238, start_date=20201128T140242, end_date=20201128T140242
[2020-11-28 19:32:47,596] {local_task_job.py:102} INFO - Task exited with return code 0
