[2020-11-28 17:40:45,924] {taskinstance.py:670} INFO - Dependencies all met for <TaskInstance: Write_data_to_postgres_then_to_elasticsearch.Create_table_in_postgres 2020-11-28T12:10:42.089707+00:00 [queued]>
[2020-11-28 17:40:45,949] {taskinstance.py:670} INFO - Dependencies all met for <TaskInstance: Write_data_to_postgres_then_to_elasticsearch.Create_table_in_postgres 2020-11-28T12:10:42.089707+00:00 [queued]>
[2020-11-28 17:40:45,949] {taskinstance.py:880} INFO - 
--------------------------------------------------------------------------------
[2020-11-28 17:40:45,949] {taskinstance.py:881} INFO - Starting attempt 1 of 1
[2020-11-28 17:40:45,949] {taskinstance.py:882} INFO - 
--------------------------------------------------------------------------------
[2020-11-28 17:40:45,956] {taskinstance.py:901} INFO - Executing <Task(PostgresOperator): Create_table_in_postgres> on 2020-11-28T12:10:42.089707+00:00
[2020-11-28 17:40:45,958] {standard_task_runner.py:54} INFO - Started process 6218 to run task
[2020-11-28 17:40:45,980] {standard_task_runner.py:77} INFO - Running: ['airflow', 'run', 'Write_data_to_postgres_then_to_elasticsearch', 'Create_table_in_postgres', '2020-11-28T12:10:42.089707+00:00', '--job_id', '398', '--pool', 'default_pool', '--raw', '-sd', 'DAGS_FOLDER/csv_pg_elasticsearch.py', '--cfg_path', '/var/folders/ff/pqhf5klx0msdsn3m1cnq4cxr0000gn/T/tmp66_c2vz_']
[2020-11-28 17:40:45,983] {standard_task_runner.py:78} INFO - Job 398: Subtask Create_table_in_postgres
[2020-11-28 17:40:46,029] {logging_mixin.py:112} INFO - Running %s on host %s <TaskInstance: Write_data_to_postgres_then_to_elasticsearch.Create_table_in_postgres 2020-11-28T12:10:42.089707+00:00 [running]> 47.43.168.192.in-addr.arpa
[2020-11-28 17:40:46,058] {postgres_operator.py:62} INFO - Executing: CREATE TABLE sampletable(
            id integer PRIMARY KEY,
            description text,
            name text,
            id1 text,
            id2 text,
            department text
        );
        SET client_encoding = WIN1252;
        
[2020-11-28 17:40:46,067] {base_hook.py:89} INFO - Using connection to: id: postgres_default. Host: localhost, Port: None, Schema: testdb, Login: testuser, Password: XXXXXXXX, extra: None
[2020-11-28 17:40:46,073] {dbapi_hook.py:174} INFO - CREATE TABLE sampletable(
            id integer PRIMARY KEY,
            description text,
            name text,
            id1 text,
            id2 text,
            department text
        );
        SET client_encoding = WIN1252;
        
[2020-11-28 17:40:46,074] {taskinstance.py:1150} ERROR - relation "sampletable" already exists
Traceback (most recent call last):
  File "/Users/yudi/opt/anaconda3/envs/airflow/lib/python3.6/site-packages/airflow/models/taskinstance.py", line 984, in _run_raw_task
    result = task_copy.execute(context=context)
  File "/Users/yudi/opt/anaconda3/envs/airflow/lib/python3.6/site-packages/airflow/operators/postgres_operator.py", line 65, in execute
    self.hook.run(self.sql, self.autocommit, parameters=self.parameters)
  File "/Users/yudi/opt/anaconda3/envs/airflow/lib/python3.6/site-packages/airflow/hooks/dbapi_hook.py", line 175, in run
    cur.execute(s)
psycopg2.errors.DuplicateTable: relation "sampletable" already exists

[2020-11-28 17:40:46,077] {taskinstance.py:1194} INFO - Marking task as FAILED. dag_id=Write_data_to_postgres_then_to_elasticsearch, task_id=Create_table_in_postgres, execution_date=20201128T121042, start_date=20201128T121045, end_date=20201128T121046
[2020-11-28 17:40:50,920] {local_task_job.py:102} INFO - Task exited with return code 1
