[2020-11-29 01:05:19,686] {taskinstance.py:670} INFO - Dependencies all met for <TaskInstance: Write_data_to_PG.populate_data 2020-11-28T19:30:00+00:00 [queued]>
[2020-11-29 01:05:19,723] {taskinstance.py:670} INFO - Dependencies all met for <TaskInstance: Write_data_to_PG.populate_data 2020-11-28T19:30:00+00:00 [queued]>
[2020-11-29 01:05:19,723] {taskinstance.py:880} INFO - 
--------------------------------------------------------------------------------
[2020-11-29 01:05:19,723] {taskinstance.py:881} INFO - Starting attempt 1 of 1
[2020-11-29 01:05:19,723] {taskinstance.py:882} INFO - 
--------------------------------------------------------------------------------
[2020-11-29 01:05:19,736] {taskinstance.py:901} INFO - Executing <Task(PythonOperator): populate_data> on 2020-11-28T19:30:00+00:00
[2020-11-29 01:05:19,738] {standard_task_runner.py:54} INFO - Started process 41779 to run task
[2020-11-29 01:05:19,762] {standard_task_runner.py:77} INFO - Running: ['airflow', 'run', 'Write_data_to_PG', 'populate_data', '2020-11-28T19:30:00+00:00', '--job_id', '558', '--pool', 'default_pool', '--raw', '-sd', 'DAGS_FOLDER/FileSensorDemo.py', '--cfg_path', '/var/folders/ff/pqhf5klx0msdsn3m1cnq4cxr0000gn/T/tmpctzahoks']
[2020-11-29 01:05:19,765] {standard_task_runner.py:78} INFO - Job 558: Subtask populate_data
[2020-11-29 01:05:19,827] {logging_mixin.py:112} INFO - Running %s on host %s <TaskInstance: Write_data_to_PG.populate_data 2020-11-28T19:30:00+00:00 [running]> 47.43.168.192.in-addr.arpa
[2020-11-29 01:05:19,855] {logging_mixin.py:112} INFO - Creating table in database.
[2020-11-29 01:05:19,861] {logging_mixin.py:112} INFO - <connection object at 0x7fed1f789eb8; dsn: 'host=localhost dbname=testdb user=testuser', closed: 0>
[2020-11-29 01:05:19,861] {logging_mixin.py:112} INFO - <cursor object at 0x7fed1f530710; closed: 0>
[2020-11-29 01:05:19,886] {logging_mixin.py:112} INFO - <connection object at 0x7fed1f789eb8; dsn: 'host=localhost dbname=testdb user=testuser', closed: 0>
[2020-11-29 01:05:19,887] {logging_mixin.py:112} INFO - DONE!!!!!!!!!!!.
[2020-11-29 01:05:19,887] {python_operator.py:114} INFO - Done. Returned value was: None
[2020-11-29 01:05:19,898] {taskinstance.py:1070} INFO - Marking task as SUCCESS.dag_id=Write_data_to_PG, task_id=populate_data, execution_date=20201128T193000, start_date=20201128T193519, end_date=20201128T193519
[2020-11-29 01:05:24,689] {local_task_job.py:102} INFO - Task exited with return code 0
