[2020-11-28 17:06:40,331] {taskinstance.py:670} INFO - Dependencies all met for <TaskInstance: Write_data_to_postgres_then_to_elasticsearch.Create_table_in_postgres 2020-11-28T11:36:37.544600+00:00 [queued]>
[2020-11-28 17:06:40,357] {taskinstance.py:670} INFO - Dependencies all met for <TaskInstance: Write_data_to_postgres_then_to_elasticsearch.Create_table_in_postgres 2020-11-28T11:36:37.544600+00:00 [queued]>
[2020-11-28 17:06:40,357] {taskinstance.py:880} INFO - 
--------------------------------------------------------------------------------
[2020-11-28 17:06:40,357] {taskinstance.py:881} INFO - Starting attempt 1 of 1
[2020-11-28 17:06:40,357] {taskinstance.py:882} INFO - 
--------------------------------------------------------------------------------
[2020-11-28 17:06:40,363] {taskinstance.py:901} INFO - Executing <Task(PostgresOperator): Create_table_in_postgres> on 2020-11-28T11:36:37.544600+00:00
[2020-11-28 17:06:40,365] {standard_task_runner.py:54} INFO - Started process 96421 to run task
[2020-11-28 17:06:40,389] {standard_task_runner.py:77} INFO - Running: ['airflow', 'run', 'Write_data_to_postgres_then_to_elasticsearch', 'Create_table_in_postgres', '2020-11-28T11:36:37.544600+00:00', '--job_id', '381', '--pool', 'default_pool', '--raw', '-sd', 'DAGS_FOLDER/dag.py', '--cfg_path', '/var/folders/ff/pqhf5klx0msdsn3m1cnq4cxr0000gn/T/tmp_abg2hu3']
[2020-11-28 17:06:40,392] {standard_task_runner.py:78} INFO - Job 381: Subtask Create_table_in_postgres
[2020-11-28 17:06:40,437] {logging_mixin.py:112} INFO - Running %s on host %s <TaskInstance: Write_data_to_postgres_then_to_elasticsearch.Create_table_in_postgres 2020-11-28T11:36:37.544600+00:00 [running]> 47.43.168.192.in-addr.arpa
[2020-11-28 17:06:40,466] {postgres_operator.py:62} INFO - Executing: CREATE TABLE sampletable(
            id integer PRIMARY KEY,
            description text,
            name text,
            id1 text,
            id2 text,
            department text
        )
        
[2020-11-28 17:06:40,474] {base_hook.py:89} INFO - Using connection to: id: postgres_default. Host: localhost, Port: None, Schema: testdb, Login: testuser, Password: XXXXXXXX, extra: None
[2020-11-28 17:06:40,478] {dbapi_hook.py:174} INFO - CREATE TABLE sampletable(
            id integer PRIMARY KEY,
            description text,
            name text,
            id1 text,
            id2 text,
            department text
        )
        
[2020-11-28 17:06:40,510] {taskinstance.py:1070} INFO - Marking task as SUCCESS.dag_id=Write_data_to_postgres_then_to_elasticsearch, task_id=Create_table_in_postgres, execution_date=20201128T113637, start_date=20201128T113640, end_date=20201128T113640
[2020-11-28 17:06:45,312] {local_task_job.py:102} INFO - Task exited with return code 0
