[2020-11-26 14:45:02,236] {taskinstance.py:670} INFO - Dependencies all met for <TaskInstance: Write_data_to_PG.python_task 2020-11-26T09:10:00+00:00 [queued]>
[2020-11-26 14:45:02,253] {taskinstance.py:670} INFO - Dependencies all met for <TaskInstance: Write_data_to_PG.python_task 2020-11-26T09:10:00+00:00 [queued]>
[2020-11-26 14:45:02,253] {taskinstance.py:880} INFO - 
--------------------------------------------------------------------------------
[2020-11-26 14:45:02,253] {taskinstance.py:881} INFO - Starting attempt 1 of 1
[2020-11-26 14:45:02,253] {taskinstance.py:882} INFO - 
--------------------------------------------------------------------------------
[2020-11-26 14:45:02,266] {taskinstance.py:901} INFO - Executing <Task(PythonOperator): python_task> on 2020-11-26T09:10:00+00:00
[2020-11-26 14:45:02,268] {standard_task_runner.py:54} INFO - Started process 23620 to run task
[2020-11-26 14:45:02,289] {standard_task_runner.py:77} INFO - Running: ['airflow', 'run', 'Write_data_to_PG', 'python_task', '2020-11-26T09:10:00+00:00', '--job_id', '11', '--pool', 'default_pool', '--raw', '-sd', 'DAGS_FOLDER/sampledag.py', '--cfg_path', '/var/folders/ff/pqhf5klx0msdsn3m1cnq4cxr0000gn/T/tmpvinwdxlb']
[2020-11-26 14:45:02,291] {standard_task_runner.py:78} INFO - Job 11: Subtask python_task
[2020-11-26 14:45:02,340] {logging_mixin.py:112} INFO - Running %s on host %s <TaskInstance: Write_data_to_PG.python_task 2020-11-26T09:10:00+00:00 [running]> 47.43.168.192.in-addr.arpa
[2020-11-26 14:45:02,372] {logging_mixin.py:112} INFO - Creating table in database.
[2020-11-26 14:45:02,378] {logging_mixin.py:112} INFO - <connection object at 0x7fede525feb8; dsn: 'host=localhost dbname=testdb user=testuser', closed: 0>
[2020-11-26 14:45:02,379] {logging_mixin.py:112} INFO - <cursor object at 0x7fede4f03618; closed: 0>
[2020-11-26 14:45:02,379] {logging_mixin.py:112} INFO - ('INSERT INTO users VALUES (%s, %s, %s, %s)', (10, 'hello@test.com', 'Some Name', 'Some address.'))
[2020-11-26 14:45:02,379] {logging_mixin.py:112} INFO - <connection object at 0x7fede525feb8; dsn: 'host=localhost dbname=testdb user=testuser', closed: 0>
[2020-11-26 14:45:02,379] {logging_mixin.py:112} INFO - DONE!!!!!!!!!!!.
[2020-11-26 14:45:02,379] {python_operator.py:114} INFO - Done. Returned value was: None
[2020-11-26 14:45:02,390] {taskinstance.py:1070} INFO - Marking task as SUCCESS.dag_id=Write_data_to_PG, task_id=python_task, execution_date=20201126T091000, start_date=20201126T091502, end_date=20201126T091502
[2020-11-26 14:45:07,219] {local_task_job.py:102} INFO - Task exited with return code 0
