[2020-11-28 05:12:41,326] {taskinstance.py:670} INFO - Dependencies all met for <TaskInstance: Write_data_to_postgres_then_to_elasticsearch.Write_csv_data_to_db 2020-11-27T23:42:31.406890+00:00 [queued]>
[2020-11-28 05:12:41,354] {taskinstance.py:670} INFO - Dependencies all met for <TaskInstance: Write_data_to_postgres_then_to_elasticsearch.Write_csv_data_to_db 2020-11-27T23:42:31.406890+00:00 [queued]>
[2020-11-28 05:12:41,354] {taskinstance.py:880} INFO - 
--------------------------------------------------------------------------------
[2020-11-28 05:12:41,355] {taskinstance.py:881} INFO - Starting attempt 1 of 1
[2020-11-28 05:12:41,355] {taskinstance.py:882} INFO - 
--------------------------------------------------------------------------------
[2020-11-28 05:12:41,367] {taskinstance.py:901} INFO - Executing <Task(PythonOperator): Write_csv_data_to_db> on 2020-11-27T23:42:31.406890+00:00
[2020-11-28 05:12:41,370] {standard_task_runner.py:54} INFO - Started process 63789 to run task
[2020-11-28 05:12:41,393] {standard_task_runner.py:77} INFO - Running: ['airflow', 'run', 'Write_data_to_postgres_then_to_elasticsearch', 'Write_csv_data_to_db', '2020-11-27T23:42:31.406890+00:00', '--job_id', '368', '--pool', 'default_pool', '--raw', '-sd', 'DAGS_FOLDER/dag.py', '--cfg_path', '/var/folders/ff/pqhf5klx0msdsn3m1cnq4cxr0000gn/T/tmps5bxqodw']
[2020-11-28 05:12:41,396] {standard_task_runner.py:78} INFO - Job 368: Subtask Write_csv_data_to_db
[2020-11-28 05:12:41,447] {logging_mixin.py:112} INFO - Running %s on host %s <TaskInstance: Write_data_to_postgres_then_to_elasticsearch.Write_csv_data_to_db 2020-11-27T23:42:31.406890+00:00 [running]> 47.43.168.192.in-addr.arpa
[2020-11-28 05:12:41,497] {taskinstance.py:1150} ERROR - invalid input syntax for type integer: ""1.7 Cubic Foot Compact ""Cube"" Office Refrigerators""
CONTEXT:  COPY sampletable, line 1, column id: ""1.7 Cubic Foot Compact ""Cube"" Office Refrigerators""
Traceback (most recent call last):
  File "/Users/yudi/opt/anaconda3/envs/airflow/lib/python3.6/site-packages/airflow/models/taskinstance.py", line 984, in _run_raw_task
    result = task_copy.execute(context=context)
  File "/Users/yudi/opt/anaconda3/envs/airflow/lib/python3.6/site-packages/airflow/operators/python_operator.py", line 113, in execute
    return_value = self.execute_callable()
  File "/Users/yudi/opt/anaconda3/envs/airflow/lib/python3.6/site-packages/airflow/operators/python_operator.py", line 118, in execute_callable
    return self.python_callable(*self.op_args, **self.op_kwargs)
  File "/Users/yudi/workspace/personalprojects/DE-Prac/Airflow_prac/csv_to_postgres_to_elasticsearch/dag.py", line 47, in write_data
    cur.copy_from(f, "sampletable", sep=",")
psycopg2.errors.InvalidTextRepresentation: invalid input syntax for type integer: ""1.7 Cubic Foot Compact ""Cube"" Office Refrigerators""
CONTEXT:  COPY sampletable, line 1, column id: ""1.7 Cubic Foot Compact ""Cube"" Office Refrigerators""

[2020-11-28 05:12:41,499] {taskinstance.py:1194} INFO - Marking task as FAILED. dag_id=Write_data_to_postgres_then_to_elasticsearch, task_id=Write_csv_data_to_db, execution_date=20201127T234231, start_date=20201127T234241, end_date=20201127T234241
[2020-11-28 05:12:46,323] {local_task_job.py:102} INFO - Task exited with return code 1
