[2020-11-28 19:56:50,747] {taskinstance.py:670} INFO - Dependencies all met for <TaskInstance: Write_data_to_postgres_then_to_elasticsearch.export_data_to_elasticsearch 2020-11-28T14:26:33.138470+00:00 [queued]>
[2020-11-28 19:56:50,768] {taskinstance.py:670} INFO - Dependencies all met for <TaskInstance: Write_data_to_postgres_then_to_elasticsearch.export_data_to_elasticsearch 2020-11-28T14:26:33.138470+00:00 [queued]>
[2020-11-28 19:56:50,768] {taskinstance.py:880} INFO - 
--------------------------------------------------------------------------------
[2020-11-28 19:56:50,768] {taskinstance.py:881} INFO - Starting attempt 1 of 1
[2020-11-28 19:56:50,768] {taskinstance.py:882} INFO - 
--------------------------------------------------------------------------------
[2020-11-28 19:56:50,783] {taskinstance.py:901} INFO - Executing <Task(BashOperator): export_data_to_elasticsearch> on 2020-11-28T14:26:33.138470+00:00
[2020-11-28 19:56:50,786] {standard_task_runner.py:54} INFO - Started process 45845 to run task
[2020-11-28 19:56:50,816] {standard_task_runner.py:77} INFO - Running: ['airflow', 'run', 'Write_data_to_postgres_then_to_elasticsearch', 'export_data_to_elasticsearch', '2020-11-28T14:26:33.138470+00:00', '--job_id', '490', '--pool', 'default_pool', '--raw', '-sd', 'DAGS_FOLDER/csv_pg_elasticsearch.py', '--cfg_path', '/var/folders/ff/pqhf5klx0msdsn3m1cnq4cxr0000gn/T/tmpqo_nddz1']
[2020-11-28 19:56:50,818] {standard_task_runner.py:78} INFO - Job 490: Subtask export_data_to_elasticsearch
[2020-11-28 19:56:50,935] {logging_mixin.py:112} INFO - Running %s on host %s <TaskInstance: Write_data_to_postgres_then_to_elasticsearch.export_data_to_elasticsearch 2020-11-28T14:26:33.138470+00:00 [running]> 47.43.168.192.in-addr.arpa
[2020-11-28 19:56:50,978] {bash_operator.py:113} INFO - Tmp dir root location: 
 /var/folders/ff/pqhf5klx0msdsn3m1cnq4cxr0000gn/T
[2020-11-28 19:56:50,979] {bash_operator.py:136} INFO - Temporary script location: /var/folders/ff/pqhf5klx0msdsn3m1cnq4cxr0000gn/T/airflowtmpbsqfg674/export_data_to_elasticsearcheyrss_km
[2020-11-28 19:56:50,979] {bash_operator.py:146} INFO - Running command: /Users/yudi/ELK/logstash-7.10.0/bin -f logstash-simple.conf
[2020-11-28 19:56:50,993] {bash_operator.py:153} INFO - Output:
[2020-11-28 19:56:51,001] {bash_operator.py:157} INFO - /var/folders/ff/pqhf5klx0msdsn3m1cnq4cxr0000gn/T/airflowtmpbsqfg674/export_data_to_elasticsearcheyrss_km: line 1: /Users/yudi/ELK/logstash-7.10.0/bin: is a directory
[2020-11-28 19:56:51,002] {bash_operator.py:161} INFO - Command exited with return code 126
[2020-11-28 19:56:51,016] {taskinstance.py:1150} ERROR - Bash command failed
Traceback (most recent call last):
  File "/Users/yudi/opt/anaconda3/envs/airflow/lib/python3.6/site-packages/airflow/models/taskinstance.py", line 984, in _run_raw_task
    result = task_copy.execute(context=context)
  File "/Users/yudi/opt/anaconda3/envs/airflow/lib/python3.6/site-packages/airflow/operators/bash_operator.py", line 165, in execute
    raise AirflowException("Bash command failed")
airflow.exceptions.AirflowException: Bash command failed
[2020-11-28 19:56:51,019] {taskinstance.py:1194} INFO - Marking task as FAILED. dag_id=Write_data_to_postgres_then_to_elasticsearch, task_id=export_data_to_elasticsearch, execution_date=20201128T142633, start_date=20201128T142650, end_date=20201128T142651
[2020-11-28 19:56:55,745] {local_task_job.py:102} INFO - Task exited with return code 1
