[2020-11-28 19:34:53,905] {taskinstance.py:670} INFO - Dependencies all met for <TaskInstance: Write_data_to_PG.create_table 2020-11-28T14:04:51.560214+00:00 [queued]>
[2020-11-28 19:34:53,923] {taskinstance.py:670} INFO - Dependencies all met for <TaskInstance: Write_data_to_PG.create_table 2020-11-28T14:04:51.560214+00:00 [queued]>
[2020-11-28 19:34:53,923] {taskinstance.py:880} INFO - 
--------------------------------------------------------------------------------
[2020-11-28 19:34:53,923] {taskinstance.py:881} INFO - Starting attempt 1 of 1
[2020-11-28 19:34:53,923] {taskinstance.py:882} INFO - 
--------------------------------------------------------------------------------
[2020-11-28 19:34:53,936] {taskinstance.py:901} INFO - Executing <Task(PostgresOperator): create_table> on 2020-11-28T14:04:51.560214+00:00
[2020-11-28 19:34:53,939] {standard_task_runner.py:54} INFO - Started process 39299 to run task
[2020-11-28 19:34:53,962] {standard_task_runner.py:77} INFO - Running: ['airflow', 'run', 'Write_data_to_PG', 'create_table', '2020-11-28T14:04:51.560214+00:00', '--job_id', '472', '--pool', 'default_pool', '--raw', '-sd', 'DAGS_FOLDER/FileSensorDemo.py', '--cfg_path', '/var/folders/ff/pqhf5klx0msdsn3m1cnq4cxr0000gn/T/tmpzi5htotg']
[2020-11-28 19:34:53,965] {standard_task_runner.py:78} INFO - Job 472: Subtask create_table
[2020-11-28 19:34:54,013] {logging_mixin.py:112} INFO - Running %s on host %s <TaskInstance: Write_data_to_PG.create_table 2020-11-28T14:04:51.560214+00:00 [running]> 47.43.168.192.in-addr.arpa
[2020-11-28 19:34:54,042] {postgres_operator.py:62} INFO - Executing: CREATE TABLE sampletable(
            Date text,
            Open text,
            High text,
            Low text,
            Close text
        );
        
[2020-11-28 19:34:54,051] {base_hook.py:89} INFO - Using connection to: id: postgres_default. Host: localhost, Port: None, Schema: testdb, Login: testuser, Password: XXXXXXXX, extra: None
[2020-11-28 19:34:54,055] {dbapi_hook.py:174} INFO - CREATE TABLE sampletable(
            Date text,
            Open text,
            High text,
            Low text,
            Close text
        );
        
[2020-11-28 19:34:54,070] {taskinstance.py:1070} INFO - Marking task as SUCCESS.dag_id=Write_data_to_PG, task_id=create_table, execution_date=20201128T140451, start_date=20201128T140453, end_date=20201128T140454
[2020-11-28 19:34:58,900] {local_task_job.py:102} INFO - Task exited with return code 0
