[2020-11-28 05:09:52,003] {taskinstance.py:670} INFO - Dependencies all met for <TaskInstance: Write_data_to_postgres_then_to_elasticsearch.Write_csv_data_to_db 2020-11-27T23:39:40.294349+00:00 [queued]>
[2020-11-28 05:09:52,030] {taskinstance.py:670} INFO - Dependencies all met for <TaskInstance: Write_data_to_postgres_then_to_elasticsearch.Write_csv_data_to_db 2020-11-27T23:39:40.294349+00:00 [queued]>
[2020-11-28 05:09:52,031] {taskinstance.py:880} INFO - 
--------------------------------------------------------------------------------
[2020-11-28 05:09:52,031] {taskinstance.py:881} INFO - Starting attempt 1 of 1
[2020-11-28 05:09:52,031] {taskinstance.py:882} INFO - 
--------------------------------------------------------------------------------
[2020-11-28 05:09:52,036] {taskinstance.py:901} INFO - Executing <Task(PythonOperator): Write_csv_data_to_db> on 2020-11-27T23:39:40.294349+00:00
[2020-11-28 05:09:52,038] {standard_task_runner.py:54} INFO - Started process 63281 to run task
[2020-11-28 05:09:52,061] {standard_task_runner.py:77} INFO - Running: ['airflow', 'run', 'Write_data_to_postgres_then_to_elasticsearch', 'Write_csv_data_to_db', '2020-11-27T23:39:40.294349+00:00', '--job_id', '365', '--pool', 'default_pool', '--raw', '-sd', 'DAGS_FOLDER/dag.py', '--cfg_path', '/var/folders/ff/pqhf5klx0msdsn3m1cnq4cxr0000gn/T/tmpqkz5vxq4']
[2020-11-28 05:09:52,063] {standard_task_runner.py:78} INFO - Job 365: Subtask Write_csv_data_to_db
[2020-11-28 05:09:52,107] {logging_mixin.py:112} INFO - Running %s on host %s <TaskInstance: Write_data_to_postgres_then_to_elasticsearch.Write_csv_data_to_db 2020-11-27T23:39:40.294349+00:00 [running]> 47.43.168.192.in-addr.arpa
[2020-11-28 05:09:52,136] {taskinstance.py:1150} ERROR - 'utf-8' codec can't decode byte 0xae in position 210: invalid start byte
Traceback (most recent call last):
  File "/Users/yudi/opt/anaconda3/envs/airflow/lib/python3.6/site-packages/airflow/models/taskinstance.py", line 984, in _run_raw_task
    result = task_copy.execute(context=context)
  File "/Users/yudi/opt/anaconda3/envs/airflow/lib/python3.6/site-packages/airflow/operators/python_operator.py", line 113, in execute
    return_value = self.execute_callable()
  File "/Users/yudi/opt/anaconda3/envs/airflow/lib/python3.6/site-packages/airflow/operators/python_operator.py", line 118, in execute_callable
    return self.python_callable(*self.op_args, **self.op_kwargs)
  File "/Users/yudi/workspace/personalprojects/DE-Prac/Airflow_prac/csv_to_postgres_to_elasticsearch/dag.py", line 46, in write_data
    next(f)
  File "/Users/yudi/opt/anaconda3/envs/airflow/lib/python3.6/codecs.py", line 321, in decode
    (result, consumed) = self._buffer_decode(data, self.errors, final)
UnicodeDecodeError: 'utf-8' codec can't decode byte 0xae in position 210: invalid start byte
[2020-11-28 05:09:52,141] {taskinstance.py:1194} INFO - Marking task as FAILED. dag_id=Write_data_to_postgres_then_to_elasticsearch, task_id=Write_csv_data_to_db, execution_date=20201127T233940, start_date=20201127T233952, end_date=20201127T233952
[2020-11-28 05:09:56,999] {local_task_job.py:102} INFO - Task exited with return code 1
